{"/home/travis/build/npmtest/node-npmtest-scrollreveal/test.js":{"path":"/home/travis/build/npmtest/node-npmtest-scrollreveal/test.js","s":{"1":2,"2":2,"3":2,"4":2,"5":2,"6":2,"7":2,"8":1,"9":2,"10":2,"11":1,"12":1,"13":1,"14":1,"15":2,"16":2,"17":2,"18":2,"19":1,"20":1,"21":2,"22":2,"23":2,"24":1,"25":1,"26":1,"27":1,"28":1,"29":1,"30":1,"31":1,"32":1,"33":1,"34":1,"35":1,"36":1,"37":1,"38":1,"39":2,"40":2,"41":1,"42":2,"43":2,"44":1,"45":2,"46":2,"47":1,"48":2,"49":2,"50":1,"51":1,"52":1,"53":1,"54":1},"b":{"1":[2,1,1,1],"2":[1,1,1,1],"3":[1,1],"4":[1,1],"5":[1,1],"6":[1,1],"7":[1,1],"8":[1,1],"9":[1,1],"10":[1,1,1],"11":[1,1],"12":[1,1],"13":[1,1],"14":[1,1],"15":[1,1],"16":[1,1],"17":[1,1]},"f":{"1":2,"2":2,"3":2,"4":2,"5":2,"6":1,"7":1,"8":1,"9":2,"10":2,"11":2,"12":2,"13":1},"fnMap":{"1":{"name":"(anonymous_1)","line":12,"loc":{"start":{"line":12,"column":1},"end":{"line":12,"column":13}}},"2":{"name":"(anonymous_2)","line":19,"loc":{"start":{"line":19,"column":5},"end":{"line":19,"column":17}}},"3":{"name":"(anonymous_3)","line":23,"loc":{"start":{"line":23,"column":24},"end":{"line":23,"column":36}}},"4":{"name":"(anonymous_4)","line":61,"loc":{"start":{"line":61,"column":5},"end":{"line":61,"column":17}}},"5":{"name":"(anonymous_5)","line":82,"loc":{"start":{"line":82,"column":5},"end":{"line":82,"column":17}}},"6":{"name":"(anonymous_6)","line":91,"loc":{"start":{"line":91,"column":77},"end":{"line":94,"column":10}}},"7":{"name":"(anonymous_7)","line":112,"loc":{"start":{"line":112,"column":83},"end":{"line":115,"column":10}},"skip":true},"8":{"name":"(anonymous_8)","line":123,"loc":{"start":{"line":123,"column":77},"end":{"line":126,"column":10}},"skip":true},"9":{"name":"(anonymous_9)","line":139,"loc":{"start":{"line":139,"column":12},"end":{"line":139,"column":40}},"skip":true},"10":{"name":"(anonymous_10)","line":147,"loc":{"start":{"line":147,"column":77},"end":{"line":150,"column":10}},"skip":true},"11":{"name":"(anonymous_11)","line":158,"loc":{"start":{"line":158,"column":83},"end":{"line":161,"column":10}},"skip":true},"12":{"name":"(anonymous_12)","line":169,"loc":{"start":{"line":169,"column":79},"end":{"line":172,"column":10}},"skip":true},"13":{"name":"(anonymous_13)","line":180,"loc":{"start":{"line":180,"column":75},"end":{"line":183,"column":10}},"skip":true}},"statementMap":{"1":{"start":{"line":12,"column":0},"end":{"line":195,"column":5}},"2":{"start":{"line":14,"column":4},"end":{"line":14,"column":14}},"3":{"start":{"line":19,"column":4},"end":{"line":56,"column":9}},"4":{"start":{"line":21,"column":8},"end":{"line":21,"column":19}},"5":{"start":{"line":23,"column":8},"end":{"line":35,"column":13}},"6":{"start":{"line":24,"column":12},"end":{"line":34,"column":13}},"7":{"start":{"line":25,"column":16},"end":{"line":28,"column":30}},"8":{"start":{"line":30,"column":16},"end":{"line":33,"column":27}},"9":{"start":{"line":37,"column":8},"end":{"line":39,"column":21}},"10":{"start":{"line":40,"column":8},"end":{"line":53,"column":9}},"11":{"start":{"line":43,"column":12},"end":{"line":46,"column":14}},"12":{"start":{"line":47,"column":12},"end":{"line":47,"column":18}},"13":{"start":{"line":50,"column":12},"end":{"line":51,"column":33}},"14":{"start":{"line":52,"column":12},"end":{"line":52,"column":18}},"15":{"start":{"line":55,"column":8},"end":{"line":55,"column":35}},"16":{"start":{"line":61,"column":4},"end":{"line":63,"column":9}},"17":{"start":{"line":62,"column":8},"end":{"line":62,"column":15}},"18":{"start":{"line":64,"column":4},"end":{"line":77,"column":5}},"19":{"start":{"line":70,"column":8},"end":{"line":70,"column":14}},"20":{"start":{"line":76,"column":8},"end":{"line":76,"column":14}},"21":{"start":{"line":82,"column":4},"end":{"line":84,"column":9}},"22":{"start":{"line":83,"column":8},"end":{"line":83,"column":15}},"23":{"start":{"line":85,"column":4},"end":{"line":194,"column":5}},"24":{"start":{"line":91,"column":8},"end":{"line":99,"column":10}},"25":{"start":{"line":98,"column":12},"end":{"line":98,"column":35}},"26":{"start":{"line":102,"column":8},"end":{"line":104,"column":63}},"27":{"start":{"line":105,"column":8},"end":{"line":105,"column":14}},"28":{"start":{"line":112,"column":8},"end":{"line":121,"column":10},"skip":true},"29":{"start":{"line":119,"column":12},"end":{"line":119,"column":55},"skip":true},"30":{"start":{"line":120,"column":12},"end":{"line":120,"column":48},"skip":true},"31":{"start":{"line":123,"column":8},"end":{"line":136,"column":10},"skip":true},"32":{"start":{"line":130,"column":12},"end":{"line":130,"column":76},"skip":true},"33":{"start":{"line":131,"column":12},"end":{"line":131,"column":73},"skip":true},"34":{"start":{"line":132,"column":12},"end":{"line":132,"column":74},"skip":true},"35":{"start":{"line":133,"column":12},"end":{"line":133,"column":79},"skip":true},"36":{"start":{"line":134,"column":12},"end":{"line":134,"column":25},"skip":true},"37":{"start":{"line":135,"column":12},"end":{"line":135,"column":45},"skip":true},"38":{"start":{"line":138,"column":8},"end":{"line":145,"column":14},"skip":true},"39":{"start":{"line":143,"column":16},"end":{"line":143,"column":29},"skip":true},"40":{"start":{"line":144,"column":16},"end":{"line":144,"column":55},"skip":true},"41":{"start":{"line":147,"column":8},"end":{"line":156,"column":10},"skip":true},"42":{"start":{"line":154,"column":12},"end":{"line":154,"column":25},"skip":true},"43":{"start":{"line":155,"column":12},"end":{"line":155,"column":45},"skip":true},"44":{"start":{"line":158,"column":8},"end":{"line":167,"column":10},"skip":true},"45":{"start":{"line":165,"column":12},"end":{"line":165,"column":25},"skip":true},"46":{"start":{"line":166,"column":12},"end":{"line":166,"column":48},"skip":true},"47":{"start":{"line":169,"column":8},"end":{"line":178,"column":10},"skip":true},"48":{"start":{"line":176,"column":12},"end":{"line":176,"column":25},"skip":true},"49":{"start":{"line":177,"column":12},"end":{"line":177,"column":46},"skip":true},"50":{"start":{"line":180,"column":8},"end":{"line":189,"column":10},"skip":true},"51":{"start":{"line":187,"column":12},"end":{"line":187,"column":94},"skip":true},"52":{"start":{"line":188,"column":12},"end":{"line":188,"column":48},"skip":true},"53":{"start":{"line":192,"column":8},"end":{"line":192,"column":35},"skip":true},"54":{"start":{"line":193,"column":8},"end":{"line":193,"column":14},"skip":true}},"branchMap":{"1":{"line":25,"type":"binary-expr","locations":[{"start":{"line":25,"column":23},"end":{"line":25,"column":62}},{"start":{"line":26,"column":20},"end":{"line":26,"column":70}},{"start":{"line":27,"column":20},"end":{"line":27,"column":71}},{"start":{"line":28,"column":20},"end":{"line":28,"column":29}}]},"2":{"line":30,"type":"binary-expr","locations":[{"start":{"line":30,"column":23},"end":{"line":30,"column":37}},{"start":{"line":31,"column":20},"end":{"line":31,"column":61}},{"start":{"line":32,"column":20},"end":{"line":32,"column":70}},{"start":{"line":33,"column":20},"end":{"line":33,"column":26}}]},"3":{"line":37,"type":"cond-expr","locations":[{"start":{"line":38,"column":14},"end":{"line":38,"column":20}},{"start":{"line":39,"column":14},"end":{"line":39,"column":20}}]},"4":{"line":40,"type":"switch","locations":[{"start":{"line":42,"column":8},"end":{"line":47,"column":18}},{"start":{"line":49,"column":8},"end":{"line":52,"column":18}}]},"5":{"line":44,"type":"binary-expr","locations":[{"start":{"line":44,"column":16},"end":{"line":44,"column":44}},{"start":{"line":44,"column":48},"end":{"line":44,"column":66}}]},"6":{"line":50,"type":"binary-expr","locations":[{"start":{"line":50,"column":21},"end":{"line":50,"column":49}},{"start":{"line":50,"column":53},"end":{"line":50,"column":72}}]},"7":{"line":64,"type":"switch","locations":[{"start":{"line":69,"column":4},"end":{"line":70,"column":14}},{"start":{"line":75,"column":4},"end":{"line":76,"column":14}}]},"8":{"line":85,"type":"switch","locations":[{"start":{"line":90,"column":4},"end":{"line":105,"column":14}},{"start":{"line":111,"column":4},"end":{"line":193,"column":14},"skip":true}]},"9":{"line":91,"type":"binary-expr","locations":[{"start":{"line":91,"column":42},"end":{"line":91,"column":73}},{"start":{"line":91,"column":77},"end":{"line":99,"column":9}}]},"10":{"line":102,"type":"binary-expr","locations":[{"start":{"line":102,"column":18},"end":{"line":102,"column":32}},{"start":{"line":103,"column":12},"end":{"line":103,"column":53}},{"start":{"line":104,"column":12},"end":{"line":104,"column":61}}]},"11":{"line":112,"type":"binary-expr","locations":[{"start":{"line":112,"column":45},"end":{"line":112,"column":79},"skip":true},{"start":{"line":112,"column":83},"end":{"line":121,"column":9},"skip":true}]},"12":{"line":123,"type":"binary-expr","locations":[{"start":{"line":123,"column":42},"end":{"line":123,"column":73},"skip":true},{"start":{"line":123,"column":77},"end":{"line":136,"column":9},"skip":true}]},"13":{"line":138,"type":"binary-expr","locations":[{"start":{"line":138,"column":48},"end":{"line":138,"column":85},"skip":true},{"start":{"line":139,"column":12},"end":{"line":145,"column":13},"skip":true}]},"14":{"line":147,"type":"binary-expr","locations":[{"start":{"line":147,"column":42},"end":{"line":147,"column":73},"skip":true},{"start":{"line":147,"column":77},"end":{"line":156,"column":9},"skip":true}]},"15":{"line":158,"type":"binary-expr","locations":[{"start":{"line":158,"column":45},"end":{"line":158,"column":79},"skip":true},{"start":{"line":158,"column":83},"end":{"line":167,"column":9},"skip":true}]},"16":{"line":169,"type":"binary-expr","locations":[{"start":{"line":169,"column":43},"end":{"line":169,"column":75},"skip":true},{"start":{"line":169,"column":79},"end":{"line":178,"column":9},"skip":true}]},"17":{"line":180,"type":"binary-expr","locations":[{"start":{"line":180,"column":41},"end":{"line":180,"column":71},"skip":true},{"start":{"line":180,"column":75},"end":{"line":189,"column":9},"skip":true}]}},"code":["/* istanbul instrument in package npmtest_scrollreveal */","/*jslint","    bitwise: true,","    browser: true,","    maxerr: 8,","    maxlen: 96,","    node: true,","    nomen: true,","    regexp: true,","    stupid: true","*/","(function () {","    'use strict';","    var local;","","","","    // run shared js-env code - pre-init","    (function () {","        // init local","        local = {};","        // init modeJs","        local.modeJs = (function () {","            try {","                return typeof navigator.userAgent === 'string' &&","                    typeof document.querySelector('body') === 'object' &&","                    typeof XMLHttpRequest.prototype.open === 'function' &&","                    'browser';","            } catch (errorCaughtBrowser) {","                return module.exports &&","                    typeof process.versions.node === 'string' &&","                    typeof require('http').createServer === 'function' &&","                    'node';","            }","        }());","        // init global","        local.global = local.modeJs === 'browser'","            ? window","            : global;","        switch (local.modeJs) {","        // re-init local from window.local","        case 'browser':","            local = local.global.utility2.objectSetDefault(","                local.global.utility2_rollup || local.global.local,","                local.global.utility2","            );","            break;","        // re-init local from example.js","        case 'node':","            local = (local.global.utility2_rollup || require('utility2'))","                .requireReadme();","            break;","        }","        // export local","        local.global.local = local;","    }());","","","","    // run shared js-env code - function","    (function () {","        return;","    }());","    switch (local.modeJs) {","","","","    // run browser js-env code - function","    case 'browser':","        break;","","","","    // run node js-env code - function","    case 'node':","        break;","    }","","","","    // run shared js-env code - post-init","    (function () {","        return;","    }());","    switch (local.modeJs) {","","","","    // run browser js-env code - post-init","    case 'browser':","        local.testCase_browser_nullCase = local.testCase_browser_nullCase || function (","            options,","            onError","        ) {","        /*","         * this function will test browsers's null-case handling-behavior-behavior","         */","            onError(null, options);","        };","","        // run tests","        local.nop(local.modeTest &&","            document.querySelector('#testRunButton1') &&","            document.querySelector('#testRunButton1').click());","        break;","","","","    // run node js-env code - post-init","    /* istanbul ignore next */","    case 'node':","        local.testCase_buildApidoc_default = local.testCase_buildApidoc_default || function (","            options,","            onError","        ) {","        /*","         * this function will test buildApidoc's default handling-behavior-behavior","         */","            options = { modulePathList: module.paths };","            local.buildApidoc(options, onError);","        };","","        local.testCase_buildApp_default = local.testCase_buildApp_default || function (","            options,","            onError","        ) {","        /*","         * this function will test buildApp's default handling-behavior-behavior","         */","            local.testCase_buildReadme_default(options, local.onErrorThrow);","            local.testCase_buildLib_default(options, local.onErrorThrow);","            local.testCase_buildTest_default(options, local.onErrorThrow);","            local.testCase_buildCustomOrg_default(options, local.onErrorThrow);","            options = [];","            local.buildApp(options, onError);","        };","","        local.testCase_buildCustomOrg_default = local.testCase_buildCustomOrg_default ||","            function (options, onError) {","            /*","             * this function will test buildCustomOrg's default handling-behavior","             */","                options = {};","                local.buildCustomOrg(options, onError);","            };","","        local.testCase_buildLib_default = local.testCase_buildLib_default || function (","            options,","            onError","        ) {","        /*","         * this function will test buildLib's default handling-behavior","         */","            options = {};","            local.buildLib(options, onError);","        };","","        local.testCase_buildReadme_default = local.testCase_buildReadme_default || function (","            options,","            onError","        ) {","        /*","         * this function will test buildReadme's default handling-behavior-behavior","         */","            options = {};","            local.buildReadme(options, onError);","        };","","        local.testCase_buildTest_default = local.testCase_buildTest_default || function (","            options,","            onError","        ) {","        /*","         * this function will test buildTest's default handling-behavior","         */","            options = {};","            local.buildTest(options, onError);","        };","","        local.testCase_webpage_default = local.testCase_webpage_default || function (","            options,","            onError","        ) {","        /*","         * this function will test webpage's default handling-behavior","         */","            options = { modeCoverageMerge: true, url: local.serverLocalHost + '?modeTest=1' };","            local.browserTest(options, onError);","        };","","        // run test-server","        local.testRunServer(local);","        break;","    }","}());",""],"l":{"12":2,"14":2,"19":2,"21":2,"23":2,"24":2,"25":2,"30":1,"37":2,"40":2,"43":1,"47":1,"50":1,"52":1,"55":2,"61":2,"62":2,"64":2,"70":1,"76":1,"82":2,"83":2,"85":2,"91":1,"98":1,"102":1,"105":1,"112":1,"119":1,"120":1,"123":1,"130":1,"131":1,"132":1,"133":1,"134":1,"135":1,"138":1,"143":2,"144":2,"147":1,"154":2,"155":2,"158":1,"165":2,"166":2,"169":1,"176":2,"177":2,"180":1,"187":1,"188":1,"192":1,"193":1}},"/home/travis/build/npmtest/node-npmtest-scrollreveal/lib.npmtest_scrollreveal.js":{"path":"/home/travis/build/npmtest/node-npmtest-scrollreveal/lib.npmtest_scrollreveal.js","s":{"1":2,"2":2,"3":2,"4":2,"5":2,"6":2,"7":2,"8":1,"9":2,"10":2,"11":2,"12":2,"13":1,"14":1,"15":1,"16":1},"b":{"1":[2,1,1,1],"2":[1,1,1,1],"3":[1,1],"4":[2,2],"5":[1,1]},"f":{"1":2,"2":2,"3":2},"fnMap":{"1":{"name":"(anonymous_1)","line":12,"loc":{"start":{"line":12,"column":1},"end":{"line":12,"column":13}}},"2":{"name":"(anonymous_2)","line":19,"loc":{"start":{"line":19,"column":5},"end":{"line":19,"column":17}}},"3":{"name":"(anonymous_3)","line":23,"loc":{"start":{"line":23,"column":24},"end":{"line":23,"column":36}}}},"statementMap":{"1":{"start":{"line":12,"column":0},"end":{"line":53,"column":5}},"2":{"start":{"line":14,"column":4},"end":{"line":14,"column":14}},"3":{"start":{"line":19,"column":4},"end":{"line":52,"column":9}},"4":{"start":{"line":21,"column":8},"end":{"line":21,"column":19}},"5":{"start":{"line":23,"column":8},"end":{"line":35,"column":13}},"6":{"start":{"line":24,"column":12},"end":{"line":34,"column":13}},"7":{"start":{"line":25,"column":16},"end":{"line":28,"column":30}},"8":{"start":{"line":30,"column":16},"end":{"line":33,"column":27}},"9":{"start":{"line":37,"column":8},"end":{"line":39,"column":21}},"10":{"start":{"line":41,"column":8},"end":{"line":41,"column":54}},"11":{"start":{"line":43,"column":8},"end":{"line":43,"column":57}},"12":{"start":{"line":45,"column":8},"end":{"line":51,"column":9}},"13":{"start":{"line":46,"column":12},"end":{"line":46,"column":63}},"14":{"start":{"line":48,"column":12},"end":{"line":48,"column":35}},"15":{"start":{"line":49,"column":12},"end":{"line":49,"column":49}},"16":{"start":{"line":50,"column":12},"end":{"line":50,"column":43}}},"branchMap":{"1":{"line":25,"type":"binary-expr","locations":[{"start":{"line":25,"column":23},"end":{"line":25,"column":62}},{"start":{"line":26,"column":20},"end":{"line":26,"column":70}},{"start":{"line":27,"column":20},"end":{"line":27,"column":71}},{"start":{"line":28,"column":20},"end":{"line":28,"column":29}}]},"2":{"line":30,"type":"binary-expr","locations":[{"start":{"line":30,"column":23},"end":{"line":30,"column":37}},{"start":{"line":31,"column":20},"end":{"line":31,"column":61}},{"start":{"line":32,"column":20},"end":{"line":32,"column":70}},{"start":{"line":33,"column":20},"end":{"line":33,"column":26}}]},"3":{"line":37,"type":"cond-expr","locations":[{"start":{"line":38,"column":14},"end":{"line":38,"column":20}},{"start":{"line":39,"column":14},"end":{"line":39,"column":20}}]},"4":{"line":41,"type":"binary-expr","locations":[{"start":{"line":41,"column":16},"end":{"line":41,"column":44}},{"start":{"line":41,"column":48},"end":{"line":41,"column":53}}]},"5":{"line":45,"type":"if","locations":[{"start":{"line":45,"column":8},"end":{"line":45,"column":8}},{"start":{"line":45,"column":8},"end":{"line":45,"column":8}}]}},"code":["/* istanbul instrument in package npmtest_scrollreveal */","/*jslint","    bitwise: true,","    browser: true,","    maxerr: 8,","    maxlen: 96,","    node: true,","    nomen: true,","    regexp: true,","    stupid: true","*/","(function () {","    'use strict';","    var local;","","","","    // run shared js-env code - pre-init","    (function () {","        // init local","        local = {};","        // init modeJs","        local.modeJs = (function () {","            try {","                return typeof navigator.userAgent === 'string' &&","                    typeof document.querySelector('body') === 'object' &&","                    typeof XMLHttpRequest.prototype.open === 'function' &&","                    'browser';","            } catch (errorCaughtBrowser) {","                return module.exports &&","                    typeof process.versions.node === 'string' &&","                    typeof require('http').createServer === 'function' &&","                    'node';","            }","        }());","        // init global","        local.global = local.modeJs === 'browser'","            ? window","            : global;","        // init utility2_rollup","        local = local.global.utility2_rollup || local;","        // init lib","        local.local = local.npmtest_scrollreveal = local;","        // init exports","        if (local.modeJs === 'browser') {","            local.global.utility2_npmtest_scrollreveal = local;","        } else {","            module.exports = local;","            module.exports.__dirname = __dirname;","            module.exports.module = module;","        }","    }());","}());",""],"l":{"12":2,"14":2,"19":2,"21":2,"23":2,"24":2,"25":2,"30":1,"37":2,"41":2,"43":2,"45":2,"46":1,"48":1,"49":1,"50":1}},"/home/travis/build/npmtest/node-npmtest-scrollreveal/example.js":{"path":"/home/travis/build/npmtest/node-npmtest-scrollreveal/example.js","s":{"1":2,"2":2,"3":2,"4":2,"5":2,"6":2,"7":2,"8":1,"9":2,"10":2,"11":2,"12":2,"13":1,"14":2,"15":2,"16":2,"17":2,"18":2,"19":0,"20":2,"21":1,"22":1,"23":1,"24":1,"25":1,"26":0,"27":0,"28":1,"29":1,"30":2,"31":0,"32":0,"33":0,"34":1,"35":2,"36":2,"37":3,"38":3,"39":3,"40":3,"41":0,"42":3,"43":3,"44":3,"45":1,"46":3,"47":1,"48":1,"49":1,"50":1,"51":1,"52":1,"53":1,"54":1,"55":1,"56":1,"57":0,"58":1,"59":6,"60":6,"61":1,"62":2,"63":0,"64":2,"65":1,"66":1,"67":0,"68":0,"69":0,"70":0,"71":0,"72":0,"73":0,"74":0,"75":0,"76":0,"77":0,"78":0,"79":0,"80":0,"81":0,"82":0,"83":0},"b":{"1":[2,1,1,1],"2":[1,1,1,1],"3":[1,1],"4":[2,2],"5":[1,1],"6":[1,1],"7":[2,0],"8":[2,1,1,1,1,1],"9":[0,2,0],"10":[1,1],"11":[2,1,1],"12":[1,0],"13":[0,2],"14":[2,0,0,0,0,0,0],"15":[0,3],"16":[3,0],"17":[1,1],"18":[0,1],"19":[1,2,0,2],"20":[1,0],"21":[1,1],"22":[0,0],"23":[0,0],"24":[0,0],"25":[0,0],"26":[0,0],"27":[0,0],"28":[0,0]},"f":{"1":2,"2":2,"3":2,"4":2,"5":2,"6":2,"7":3,"8":3,"9":3,"10":1,"11":6,"12":0},"fnMap":{"1":{"name":"(anonymous_1)","line":26,"loc":{"start":{"line":26,"column":1},"end":{"line":26,"column":13}}},"2":{"name":"(anonymous_2)","line":33,"loc":{"start":{"line":33,"column":5},"end":{"line":33,"column":17}}},"3":{"name":"(anonymous_3)","line":37,"loc":{"start":{"line":37,"column":24},"end":{"line":37,"column":36}}},"4":{"name":"(anonymous_4)","line":69,"loc":{"start":{"line":69,"column":31},"end":{"line":69,"column":48}},"skip":true},"5":{"name":"(anonymous_5)","line":78,"loc":{"start":{"line":78,"column":26},"end":{"line":78,"column":45}},"skip":true},"6":{"name":"(anonymous_6)","line":123,"loc":{"start":{"line":123,"column":33},"end":{"line":123,"column":48}},"skip":true},"7":{"name":"(anonymous_7)","line":125,"loc":{"start":{"line":125,"column":27},"end":{"line":125,"column":39}},"skip":true},"8":{"name":"(anonymous_8)","line":133,"loc":{"start":{"line":133,"column":59},"end":{"line":133,"column":74}},"skip":true},"9":{"name":"(anonymous_9)","line":143,"loc":{"start":{"line":143,"column":45},"end":{"line":143,"column":62}},"skip":true},"10":{"name":"(anonymous_10)","line":144,"loc":{"start":{"line":144,"column":73},"end":{"line":144,"column":92}},"skip":true},"11":{"name":"(anonymous_11)","line":272,"loc":{"start":{"line":272,"column":51},"end":{"line":272,"column":77}},"skip":true},"12":{"name":"(anonymous_12)","line":315,"loc":{"start":{"line":315,"column":32},"end":{"line":315,"column":61}},"skip":true}},"statementMap":{"1":{"start":{"line":26,"column":0},"end":{"line":326,"column":5}},"2":{"start":{"line":28,"column":4},"end":{"line":28,"column":14}},"3":{"start":{"line":33,"column":4},"end":{"line":60,"column":9}},"4":{"start":{"line":35,"column":8},"end":{"line":35,"column":19}},"5":{"start":{"line":37,"column":8},"end":{"line":49,"column":13}},"6":{"start":{"line":38,"column":12},"end":{"line":48,"column":13}},"7":{"start":{"line":39,"column":16},"end":{"line":42,"column":30}},"8":{"start":{"line":44,"column":16},"end":{"line":47,"column":27}},"9":{"start":{"line":51,"column":8},"end":{"line":53,"column":21}},"10":{"start":{"line":55,"column":8},"end":{"line":57,"column":45}},"11":{"start":{"line":59,"column":8},"end":{"line":59,"column":35}},"12":{"start":{"line":61,"column":4},"end":{"line":325,"column":5}},"13":{"start":{"line":69,"column":8},"end":{"line":121,"column":10},"skip":true},"14":{"start":{"line":70,"column":12},"end":{"line":88,"column":13},"skip":true},"15":{"start":{"line":76,"column":16},"end":{"line":87,"column":19},"skip":true},"16":{"start":{"line":79,"column":20},"end":{"line":86,"column":21},"skip":true},"17":{"start":{"line":82,"column":24},"end":{"line":82,"column":43},"skip":true},"18":{"start":{"line":83,"column":24},"end":{"line":83,"column":30},"skip":true},"19":{"start":{"line":85,"column":24},"end":{"line":85,"column":49},"skip":true},"20":{"start":{"line":89,"column":12},"end":{"line":107,"column":13},"skip":true},"21":{"start":{"line":92,"column":16},"end":{"line":102,"column":17},"skip":true},"22":{"start":{"line":93,"column":20},"end":{"line":93,"column":86},"skip":true},"23":{"start":{"line":94,"column":20},"end":{"line":95,"column":45},"skip":true},"24":{"start":{"line":96,"column":20},"end":{"line":96,"column":42},"skip":true},"25":{"start":{"line":97,"column":20},"end":{"line":97,"column":48},"skip":true},"26":{"start":{"line":100,"column":20},"end":{"line":100,"column":85},"skip":true},"27":{"start":{"line":101,"column":20},"end":{"line":101,"column":96},"skip":true},"28":{"start":{"line":103,"column":16},"end":{"line":103,"column":22},"skip":true},"29":{"start":{"line":106,"column":16},"end":{"line":106,"column":22},"skip":true},"30":{"start":{"line":108,"column":12},"end":{"line":120,"column":13},"skip":true},"31":{"start":{"line":114,"column":16},"end":{"line":119,"column":17},"skip":true},"32":{"start":{"line":116,"column":20},"end":{"line":116,"column":78},"skip":true},"33":{"start":{"line":118,"column":20},"end":{"line":118,"column":47},"skip":true},"34":{"start":{"line":123,"column":8},"end":{"line":141,"column":11},"skip":true},"35":{"start":{"line":124,"column":12},"end":{"line":124,"column":54},"skip":true},"36":{"start":{"line":125,"column":12},"end":{"line":140,"column":14},"skip":true},"37":{"start":{"line":126,"column":16},"end":{"line":126,"column":28},"skip":true},"38":{"start":{"line":127,"column":16},"end":{"line":127,"column":69},"skip":true},"39":{"start":{"line":128,"column":16},"end":{"line":128,"column":75},"skip":true},"40":{"start":{"line":129,"column":16},"end":{"line":131,"column":17},"skip":true},"41":{"start":{"line":130,"column":20},"end":{"line":130,"column":27},"skip":true},"42":{"start":{"line":133,"column":16},"end":{"line":137,"column":36},"skip":true},"43":{"start":{"line":134,"column":20},"end":{"line":136,"column":55},"skip":true},"44":{"start":{"line":139,"column":16},"end":{"line":139,"column":57},"skip":true},"45":{"start":{"line":143,"column":8},"end":{"line":147,"column":11},"skip":true},"46":{"start":{"line":144,"column":12},"end":{"line":146,"column":15},"skip":true},"47":{"start":{"line":145,"column":16},"end":{"line":145,"column":70},"skip":true},"48":{"start":{"line":149,"column":8},"end":{"line":149,"column":31},"skip":true},"49":{"start":{"line":150,"column":8},"end":{"line":150,"column":14},"skip":true},"50":{"start":{"line":158,"column":8},"end":{"line":158,"column":31},"skip":true},"51":{"start":{"line":160,"column":8},"end":{"line":160,"column":33},"skip":true},"52":{"start":{"line":161,"column":8},"end":{"line":161,"column":37},"skip":true},"53":{"start":{"line":162,"column":8},"end":{"line":162,"column":35},"skip":true},"54":{"start":{"line":164,"column":8},"end":{"line":164,"column":50},"skip":true},"55":{"start":{"line":166,"column":8},"end":{"line":256,"column":2},"skip":true},"56":{"start":{"line":258,"column":8},"end":{"line":286,"column":9},"skip":true},"57":{"start":{"line":259,"column":12},"end":{"line":269,"column":14},"skip":true},"58":{"start":{"line":271,"column":12},"end":{"line":285,"column":19},"skip":true},"59":{"start":{"line":274,"column":20},"end":{"line":274,"column":35},"skip":true},"60":{"start":{"line":275,"column":20},"end":{"line":284,"column":21},"skip":true},"61":{"start":{"line":277,"column":24},"end":{"line":277,"column":64},"skip":true},"62":{"start":{"line":279,"column":24},"end":{"line":279,"column":40},"skip":true},"63":{"start":{"line":281,"column":24},"end":{"line":281,"column":40},"skip":true},"64":{"start":{"line":283,"column":24},"end":{"line":283,"column":39},"skip":true},"65":{"start":{"line":288,"column":8},"end":{"line":290,"column":9},"skip":true},"66":{"start":{"line":289,"column":12},"end":{"line":289,"column":18},"skip":true},"67":{"start":{"line":291,"column":8},"end":{"line":293,"column":54},"skip":true},"68":{"start":{"line":296,"column":8},"end":{"line":301,"column":37},"skip":true},"69":{"start":{"line":303,"column":8},"end":{"line":303,"column":82},"skip":true},"70":{"start":{"line":306,"column":8},"end":{"line":308,"column":9},"skip":true},"71":{"start":{"line":307,"column":12},"end":{"line":307,"column":82},"skip":true},"72":{"start":{"line":310,"column":8},"end":{"line":312,"column":9},"skip":true},"73":{"start":{"line":311,"column":12},"end":{"line":311,"column":18},"skip":true},"74":{"start":{"line":313,"column":8},"end":{"line":313,"column":54},"skip":true},"75":{"start":{"line":314,"column":8},"end":{"line":314,"column":69},"skip":true},"76":{"start":{"line":315,"column":8},"end":{"line":323,"column":36},"skip":true},"77":{"start":{"line":316,"column":12},"end":{"line":316,"column":61},"skip":true},"78":{"start":{"line":317,"column":12},"end":{"line":320,"column":13},"skip":true},"79":{"start":{"line":318,"column":16},"end":{"line":318,"column":75},"skip":true},"80":{"start":{"line":319,"column":16},"end":{"line":319,"column":23},"skip":true},"81":{"start":{"line":321,"column":12},"end":{"line":321,"column":38},"skip":true},"82":{"start":{"line":322,"column":12},"end":{"line":322,"column":27},"skip":true},"83":{"start":{"line":324,"column":8},"end":{"line":324,"column":14},"skip":true}},"branchMap":{"1":{"line":39,"type":"binary-expr","locations":[{"start":{"line":39,"column":23},"end":{"line":39,"column":62}},{"start":{"line":40,"column":20},"end":{"line":40,"column":70}},{"start":{"line":41,"column":20},"end":{"line":41,"column":71}},{"start":{"line":42,"column":20},"end":{"line":42,"column":29}}]},"2":{"line":44,"type":"binary-expr","locations":[{"start":{"line":44,"column":23},"end":{"line":44,"column":37}},{"start":{"line":45,"column":20},"end":{"line":45,"column":61}},{"start":{"line":46,"column":20},"end":{"line":46,"column":70}},{"start":{"line":47,"column":20},"end":{"line":47,"column":26}}]},"3":{"line":51,"type":"cond-expr","locations":[{"start":{"line":52,"column":14},"end":{"line":52,"column":20}},{"start":{"line":53,"column":14},"end":{"line":53,"column":20}}]},"4":{"line":55,"type":"binary-expr","locations":[{"start":{"line":55,"column":16},"end":{"line":55,"column":44}},{"start":{"line":55,"column":49},"end":{"line":57,"column":43}}]},"5":{"line":55,"type":"cond-expr","locations":[{"start":{"line":56,"column":14},"end":{"line":56,"column":56}},{"start":{"line":57,"column":14},"end":{"line":57,"column":43}}]},"6":{"line":61,"type":"switch","locations":[{"start":{"line":68,"column":4},"end":{"line":150,"column":14},"skip":true},{"start":{"line":156,"column":4},"end":{"line":324,"column":14},"skip":true}]},"7":{"line":70,"type":"if","locations":[{"start":{"line":70,"column":12},"end":{"line":70,"column":12},"skip":true},{"start":{"line":70,"column":12},"end":{"line":70,"column":12},"skip":true}]},"8":{"line":70,"type":"binary-expr","locations":[{"start":{"line":70,"column":16},"end":{"line":70,"column":22},"skip":true},{"start":{"line":70,"column":27},"end":{"line":70,"column":32},"skip":true},{"start":{"line":71,"column":20},"end":{"line":71,"column":39},"skip":true},{"start":{"line":72,"column":20},"end":{"line":72,"column":49},"skip":true},{"start":{"line":73,"column":20},"end":{"line":73,"column":58},"skip":true},{"start":{"line":74,"column":20},"end":{"line":74,"column":69},"skip":true}]},"9":{"line":79,"type":"switch","locations":[{"start":{"line":80,"column":20},"end":{"line":80,"column":33},"skip":true},{"start":{"line":81,"column":20},"end":{"line":83,"column":30},"skip":true},{"start":{"line":84,"column":20},"end":{"line":85,"column":49},"skip":true}]},"10":{"line":89,"type":"switch","locations":[{"start":{"line":90,"column":12},"end":{"line":103,"column":22},"skip":true},{"start":{"line":105,"column":12},"end":{"line":106,"column":22},"skip":true}]},"11":{"line":89,"type":"binary-expr","locations":[{"start":{"line":89,"column":20},"end":{"line":89,"column":25},"skip":true},{"start":{"line":89,"column":29},"end":{"line":89,"column":48},"skip":true},{"start":{"line":89,"column":52},"end":{"line":89,"column":74},"skip":true}]},"12":{"line":92,"type":"if","locations":[{"start":{"line":92,"column":16},"end":{"line":92,"column":16},"skip":true},{"start":{"line":92,"column":16},"end":{"line":92,"column":16},"skip":true}]},"13":{"line":108,"type":"if","locations":[{"start":{"line":108,"column":12},"end":{"line":108,"column":12},"skip":true},{"start":{"line":108,"column":12},"end":{"line":108,"column":12},"skip":true}]},"14":{"line":108,"type":"binary-expr","locations":[{"start":{"line":108,"column":16},"end":{"line":108,"column":61},"skip":true},{"start":{"line":108,"column":66},"end":{"line":108,"column":72},"skip":true},{"start":{"line":108,"column":77},"end":{"line":108,"column":82},"skip":true},{"start":{"line":109,"column":20},"end":{"line":109,"column":39},"skip":true},{"start":{"line":110,"column":20},"end":{"line":110,"column":49},"skip":true},{"start":{"line":111,"column":20},"end":{"line":111,"column":58},"skip":true},{"start":{"line":112,"column":20},"end":{"line":112,"column":68},"skip":true}]},"15":{"line":129,"type":"if","locations":[{"start":{"line":129,"column":16},"end":{"line":129,"column":16},"skip":true},{"start":{"line":129,"column":16},"end":{"line":129,"column":16},"skip":true}]},"16":{"line":134,"type":"cond-expr","locations":[{"start":{"line":135,"column":26},"end":{"line":135,"column":29},"skip":true},{"start":{"line":136,"column":26},"end":{"line":136,"column":54},"skip":true}]},"17":{"line":164,"type":"binary-expr","locations":[{"start":{"line":164,"column":27},"end":{"line":164,"column":43},"skip":true},{"start":{"line":164,"column":47},"end":{"line":164,"column":49},"skip":true}]},"18":{"line":258,"type":"if","locations":[{"start":{"line":258,"column":8},"end":{"line":258,"column":8},"skip":true},{"start":{"line":258,"column":8},"end":{"line":258,"column":8},"skip":true}]},"19":{"line":275,"type":"switch","locations":[{"start":{"line":276,"column":20},"end":{"line":277,"column":64},"skip":true},{"start":{"line":278,"column":20},"end":{"line":279,"column":40},"skip":true},{"start":{"line":280,"column":20},"end":{"line":281,"column":40},"skip":true},{"start":{"line":282,"column":20},"end":{"line":283,"column":39},"skip":true}]},"20":{"line":288,"type":"if","locations":[{"start":{"line":288,"column":8},"end":{"line":288,"column":8},"skip":true},{"start":{"line":288,"column":8},"end":{"line":288,"column":8},"skip":true}]},"21":{"line":288,"type":"binary-expr","locations":[{"start":{"line":288,"column":12},"end":{"line":288,"column":40},"skip":true},{"start":{"line":288,"column":44},"end":{"line":288,"column":67},"skip":true}]},"22":{"line":292,"type":"binary-expr","locations":[{"start":{"line":292,"column":12},"end":{"line":292,"column":50},"skip":true},{"start":{"line":293,"column":12},"end":{"line":293,"column":53},"skip":true}]},"23":{"line":297,"type":"binary-expr","locations":[{"start":{"line":297,"column":12},"end":{"line":297,"column":70},"skip":true},{"start":{"line":298,"column":12},"end":{"line":301,"column":36},"skip":true}]},"24":{"line":303,"type":"binary-expr","locations":[{"start":{"line":303,"column":43},"end":{"line":303,"column":75},"skip":true},{"start":{"line":303,"column":79},"end":{"line":303,"column":81},"skip":true}]},"25":{"line":306,"type":"if","locations":[{"start":{"line":306,"column":8},"end":{"line":306,"column":8},"skip":true},{"start":{"line":306,"column":8},"end":{"line":306,"column":8},"skip":true}]},"26":{"line":310,"type":"if","locations":[{"start":{"line":310,"column":8},"end":{"line":310,"column":8},"skip":true},{"start":{"line":310,"column":8},"end":{"line":310,"column":8},"skip":true}]},"27":{"line":313,"type":"binary-expr","locations":[{"start":{"line":313,"column":27},"end":{"line":313,"column":43},"skip":true},{"start":{"line":313,"column":47},"end":{"line":313,"column":53},"skip":true}]},"28":{"line":317,"type":"if","locations":[{"start":{"line":317,"column":12},"end":{"line":317,"column":12},"skip":true},{"start":{"line":317,"column":12},"end":{"line":317,"column":12},"skip":true}]}},"code":["/*","example.js","","quickstart example","","instruction","    1. save this script as example.js","    2. run the shell command:","        $ npm install npmtest-scrollreveal && PORT=8081 node example.js","    3. play with the browser-demo on http://127.0.0.1:8081","*/","","","","/* istanbul instrument in package npmtest_scrollreveal */","/*jslint","    bitwise: true,","    browser: true,","    maxerr: 8,","    maxlen: 96,","    node: true,","    nomen: true,","    regexp: true,","    stupid: true","*/","(function () {","    'use strict';","    var local;","","","","    // run shared js-env code - pre-init","    (function () {","        // init local","        local = {};","        // init modeJs","        local.modeJs = (function () {","            try {","                return typeof navigator.userAgent === 'string' &&","                    typeof document.querySelector('body') === 'object' &&","                    typeof XMLHttpRequest.prototype.open === 'function' &&","                    'browser';","            } catch (errorCaughtBrowser) {","                return module.exports &&","                    typeof process.versions.node === 'string' &&","                    typeof require('http').createServer === 'function' &&","                    'node';","            }","        }());","        // init global","        local.global = local.modeJs === 'browser'","            ? window","            : global;","        // init utility2_rollup","        local = local.global.utility2_rollup || (local.modeJs === 'browser'","            ? local.global.utility2_npmtest_scrollreveal","            : global.utility2_moduleExports);","        // export local","        local.global.local = local;","    }());","    switch (local.modeJs) {","","","","    // post-init","    // run browser js-env code - post-init","    /* istanbul ignore next */","    case 'browser':","        local.testRunBrowser = function (event) {","            if (!event || (event &&","                    event.currentTarget &&","                    event.currentTarget.className &&","                    event.currentTarget.className.includes &&","                    event.currentTarget.className.includes('onreset'))) {","                // reset output","                Array.from(","                    document.querySelectorAll('body > .resettable')","                ).forEach(function (element) {","                    switch (element.tagName) {","                    case 'INPUT':","                    case 'TEXTAREA':","                        element.value = '';","                        break;","                    default:","                        element.textContent = '';","                    }","                });","            }","            switch (event && event.currentTarget && event.currentTarget.id) {","            case 'testRunButton1':","                // show tests","                if (document.querySelector('#testReportDiv1').style.display === 'none') {","                    document.querySelector('#testReportDiv1').style.display = 'block';","                    document.querySelector('#testRunButton1').textContent =","                        'hide internal test';","                    local.modeTest = true;","                    local.testRunDefault(local);","                // hide tests","                } else {","                    document.querySelector('#testReportDiv1').style.display = 'none';","                    document.querySelector('#testRunButton1').textContent = 'run internal test';","                }","                break;","            // custom-case","            default:","                break;","            }","            if (document.querySelector('#inputTextareaEval1') && (!event || (event &&","                    event.currentTarget &&","                    event.currentTarget.className &&","                    event.currentTarget.className.includes &&","                    event.currentTarget.className.includes('oneval')))) {","                // try to eval input-code","                try {","                    /*jslint evil: true*/","                    eval(document.querySelector('#inputTextareaEval1').value);","                } catch (errorCaught) {","                    console.error(errorCaught);","                }","            }","        };","        // log stderr and stdout to #outputTextareaStdout1","        ['error', 'log'].forEach(function (key) {","            console[key + '_original'] = console[key];","            console[key] = function () {","                var element;","                console[key + '_original'].apply(console, arguments);","                element = document.querySelector('#outputTextareaStdout1');","                if (!element) {","                    return;","                }","                // append text to #outputTextareaStdout1","                element.value += Array.from(arguments).map(function (arg) {","                    return typeof arg === 'string'","                        ? arg","                        : JSON.stringify(arg, null, 4);","                }).join(' ') + '\\n';","                // scroll textarea to bottom","                element.scrollTop = element.scrollHeight;","            };","        });","        // init event-handling","        ['change', 'click', 'keyup'].forEach(function (event) {","            Array.from(document.querySelectorAll('.on' + event)).forEach(function (element) {","                element.addEventListener(event, local.testRunBrowser);","            });","        });","        // run tests","        local.testRunBrowser();","        break;","","","","    // run node js-env code - post-init","    /* istanbul ignore next */","    case 'node':","        // export local","        module.exports = local;","        // require modules","        local.fs = require('fs');","        local.http = require('http');","        local.url = require('url');","        // init assets","        local.assetsDict = local.assetsDict || {};","        /* jslint-ignore-begin */","        local.assetsDict['/assets.index.template.html'] = '\\","<!doctype html>\\n\\","<html lang=\"en\">\\n\\","<head>\\n\\","<meta charset=\"UTF-8\">\\n\\","<meta name=\"viewport\" content=\"width=device-width, initial-scale=1\">\\n\\","<title>{{env.npm_package_name}} (v{{env.npm_package_version}})</title>\\n\\","<style>\\n\\","/*csslint\\n\\","    box-sizing: false,\\n\\","    universal-selector: false\\n\\","*/\\n\\","* {\\n\\","    box-sizing: border-box;\\n\\","}\\n\\","body {\\n\\","    background: #dde;\\n\\","    font-family: Arial, Helvetica, sans-serif;\\n\\","    margin: 2rem;\\n\\","}\\n\\","body > * {\\n\\","    margin-bottom: 1rem;\\n\\","}\\n\\",".utility2FooterDiv {\\n\\","    margin-top: 20px;\\n\\","    text-align: center;\\n\\","}\\n\\","</style>\\n\\","<style>\\n\\","/*csslint\\n\\","*/\\n\\","textarea {\\n\\","    font-family: monospace;\\n\\","    height: 10rem;\\n\\","    width: 100%;\\n\\","}\\n\\","textarea[readonly] {\\n\\","    background: #ddd;\\n\\","}\\n\\","</style>\\n\\","</head>\\n\\","<body>\\n\\","<!-- utility2-comment\\n\\","<div id=\"ajaxProgressDiv1\" style=\"background: #d00; height: 2px; left: 0; margin: 0; padding: 0; position: fixed; top: 0; transition: background 0.5s, width 1.5s; width: 25%;\"></div>\\n\\","utility2-comment -->\\n\\","<h1>\\n\\","<!-- utility2-comment\\n\\","    <a\\n\\","        {{#if env.npm_package_homepage}}\\n\\","        href=\"{{env.npm_package_homepage}}\"\\n\\","        {{/if env.npm_package_homepage}}\\n\\","        target=\"_blank\"\\n\\","    >\\n\\","utility2-comment -->\\n\\","        {{env.npm_package_name}} (v{{env.npm_package_version}})\\n\\","<!-- utility2-comment\\n\\","    </a>\\n\\","utility2-comment -->\\n\\","</h1>\\n\\","<h3>{{env.npm_package_description}}</h3>\\n\\","<!-- utility2-comment\\n\\","<h4><a download href=\"assets.app.js\">download standalone app</a></h4>\\n\\","<button class=\"onclick onreset\" id=\"testRunButton1\">run internal test</button><br>\\n\\","<div id=\"testReportDiv1\" style=\"display: none;\"></div>\\n\\","utility2-comment -->\\n\\","\\n\\","\\n\\","\\n\\","<label>stderr and stdout</label>\\n\\","<textarea class=\"resettable\" id=\"outputTextareaStdout1\" readonly></textarea>\\n\\","<!-- utility2-comment\\n\\","{{#if isRollup}}\\n\\","<script src=\"assets.app.js\"></script>\\n\\","{{#unless isRollup}}\\n\\","utility2-comment -->\\n\\","<script src=\"assets.utility2.rollup.js\"></script>\\n\\","<script src=\"jsonp.utility2._stateInit?callback=window.utility2._stateInit\"></script>\\n\\","<script src=\"assets.npmtest_scrollreveal.rollup.js\"></script>\\n\\","<script src=\"assets.example.js\"></script>\\n\\","<script src=\"assets.test.js\"></script>\\n\\","<!-- utility2-comment\\n\\","{{/if isRollup}}\\n\\","utility2-comment -->\\n\\","<div class=\"utility2FooterDiv\">\\n\\","    [ this app was created with\\n\\","    <a href=\"https://github.com/kaizhu256/node-utility2\" target=\"_blank\">utility2</a>\\n\\","    ]\\n\\","</div>\\n\\","</body>\\n\\","</html>\\n\\","';","        /* jslint-ignore-end */","        if (local.templateRender) {","            local.assetsDict['/'] = local.templateRender(","                local.assetsDict['/assets.index.template.html'],","                {","                    env: local.objectSetDefault(local.env, {","                        npm_package_description: 'the greatest app in the world!',","                        npm_package_name: 'my-app',","                        npm_package_nameAlias: 'my_app',","                        npm_package_version: '0.0.1'","                    })","                }","            );","        } else {","            local.assetsDict['/'] = local.assetsDict['/assets.index.template.html']","                .replace((/\\{\\{env\\.(\\w+?)\\}\\}/g), function (match0, match1) {","                    // jslint-hack","                    String(match0);","                    switch (match1) {","                    case 'npm_package_description':","                        return 'the greatest app in the world!';","                    case 'npm_package_name':","                        return 'my-app';","                    case 'npm_package_nameAlias':","                        return 'my_app';","                    case 'npm_package_version':","                        return '0.0.1';","                    }","                });","        }","        // run the cli","        if (local.global.utility2_rollup || module !== require.main) {","            break;","        }","        local.assetsDict['/assets.example.js'] =","            local.assetsDict['/assets.example.js'] ||","            local.fs.readFileSync(__filename, 'utf8');","        // bug-workaround - long $npm_package_buildCustomOrg","        /* jslint-ignore-begin */","        local.assetsDict['/assets.npmtest_scrollreveal.rollup.js'] =","            local.assetsDict['/assets.npmtest_scrollreveal.rollup.js'] ||","            local.fs.readFileSync(","                local.npmtest_scrollreveal.__dirname + '/lib.npmtest_scrollreveal.js',","                'utf8'","            ).replace((/^#!/), '//');","        /* jslint-ignore-end */","        local.assetsDict['/favicon.ico'] = local.assetsDict['/favicon.ico'] || '';","        // if $npm_config_timeout_exit exists,","        // then exit this process after $npm_config_timeout_exit ms","        if (Number(process.env.npm_config_timeout_exit)) {","            setTimeout(process.exit, Number(process.env.npm_config_timeout_exit));","        }","        // start server","        if (local.global.utility2_serverHttp1) {","            break;","        }","        process.env.PORT = process.env.PORT || '8081';","        console.error('server starting on port ' + process.env.PORT);","        local.http.createServer(function (request, response) {","            request.urlParsed = local.url.parse(request.url);","            if (local.assetsDict[request.urlParsed.pathname] !== undefined) {","                response.end(local.assetsDict[request.urlParsed.pathname]);","                return;","            }","            response.statusCode = 404;","            response.end();","        }).listen(process.env.PORT);","        break;","    }","}());",""],"l":{"26":2,"28":2,"33":2,"35":2,"37":2,"38":2,"39":2,"44":1,"51":2,"55":2,"59":2,"61":2,"69":1,"70":2,"76":2,"79":2,"82":2,"83":2,"85":1,"89":2,"92":1,"93":1,"94":1,"96":1,"97":1,"100":1,"101":1,"103":1,"106":1,"108":2,"114":1,"116":1,"118":1,"123":1,"124":2,"125":2,"126":3,"127":3,"128":3,"129":3,"130":1,"133":3,"134":3,"139":3,"143":1,"144":3,"145":1,"149":1,"150":1,"158":1,"160":1,"161":1,"162":1,"164":1,"166":1,"258":1,"259":1,"271":1,"274":6,"275":6,"277":1,"279":2,"281":1,"283":2,"288":1,"289":1,"291":1,"296":1,"303":1,"306":1,"307":1,"310":1,"311":1,"313":1,"314":1,"315":1,"316":1,"317":1,"318":1,"319":1,"321":1,"322":1,"324":1}},"/home/travis/build/npmtest/node-npmtest-scrollreveal/node_modules/scrollreveal/dist/scrollreveal.js":{"path":"/home/travis/build/npmtest/node-npmtest-scrollreveal/node_modules/scrollreveal/dist/scrollreveal.js","s":{"1":2,"2":2,"3":2,"4":1,"5":0,"6":0,"7":0,"8":0,"9":0,"10":0,"11":0,"12":0,"13":0,"14":0,"15":0,"16":0,"17":0,"18":0,"19":0,"20":0,"21":2,"22":0,"23":0,"24":0,"25":0,"26":0,"27":0,"28":0,"29":0,"30":0,"31":0,"32":0,"33":0,"34":0,"35":0,"36":0,"37":0,"38":0,"39":0,"40":0,"41":0,"42":0,"43":0,"44":0,"45":0,"46":0,"47":0,"48":0,"49":0,"50":0,"51":0,"52":0,"53":0,"54":0,"55":0,"56":0,"57":0,"58":0,"59":0,"60":0,"61":0,"62":0,"63":0,"64":0,"65":0,"66":0,"67":0,"68":0,"69":0,"70":0,"71":0,"72":0,"73":0,"74":0,"75":0,"76":1,"77":0,"78":0,"79":0,"80":0,"81":0,"82":0,"83":0,"84":0,"85":1,"86":0,"87":0,"88":0,"89":0,"90":0,"91":0,"92":0,"93":1,"94":0,"95":1,"96":0,"97":0,"98":0,"99":0,"100":0,"101":0,"102":0,"103":0,"104":1,"105":0,"106":0,"107":0,"108":0,"109":0,"110":0,"111":0,"112":0,"113":0,"114":0,"115":0,"116":0,"117":0,"118":0,"119":0,"120":0,"121":0,"122":1,"123":0,"124":0,"125":1,"126":0,"127":0,"128":0,"129":0,"130":0,"131":0,"132":0,"133":0,"134":0,"135":0,"136":0,"137":0,"138":0,"139":0,"140":0,"141":0,"142":0,"143":0,"144":0,"145":0,"146":0,"147":0,"148":0,"149":1,"150":0,"151":0,"152":0,"153":0,"154":1,"155":0,"156":0,"157":1,"158":0,"159":0,"160":0,"161":0,"162":0,"163":0,"164":0,"165":0,"166":0,"167":0,"168":1,"169":0,"170":1,"171":0,"172":0,"173":0,"174":0,"175":0,"176":0,"177":0,"178":0,"179":0,"180":0,"181":0,"182":0,"183":0,"184":1,"185":0,"186":0,"187":0,"188":0,"189":0,"190":0,"191":0,"192":0,"193":0,"194":0,"195":0,"196":0,"197":0,"198":0,"199":0,"200":0,"201":0,"202":0,"203":0,"204":0,"205":0,"206":1,"207":0,"208":0,"209":0,"210":0,"211":0,"212":0,"213":0,"214":0,"215":0,"216":0,"217":0,"218":0,"219":0,"220":0,"221":1,"222":0,"223":0,"224":0,"225":0,"226":0,"227":0,"228":0,"229":0,"230":0,"231":0,"232":0,"233":0,"234":0,"235":0,"236":0,"237":0,"238":0,"239":0,"240":0,"241":1,"242":0,"243":0,"244":0,"245":0,"246":1,"247":0,"248":0,"249":1,"250":0,"251":0,"252":0,"253":0,"254":1,"255":0,"256":1,"257":0,"258":0,"259":0,"260":0,"261":1,"262":0,"263":0,"264":0,"265":0,"266":0,"267":0,"268":0,"269":0,"270":0,"271":0,"272":0,"273":1,"274":0,"275":0,"276":0,"277":0,"278":0,"279":0,"280":0,"281":0,"282":0,"283":0,"284":0,"285":1,"286":0,"287":0,"288":0,"289":0,"290":0,"291":0,"292":0,"293":0,"294":0,"295":1,"296":0,"297":1,"298":0,"299":0,"300":0,"301":0,"302":0,"303":0,"304":0,"305":0,"306":0,"307":0,"308":0,"309":0,"310":0,"311":0,"312":0,"313":0,"314":0,"315":0,"316":0,"317":0,"318":0,"319":0,"320":0,"321":0,"322":0,"323":0,"324":0,"325":0,"326":0,"327":0,"328":0,"329":0,"330":0,"331":0},"b":{"1":[0,0],"2":[0,0],"3":[0,0],"4":[0,0],"5":[0,0],"6":[0,0],"7":[0,0,0,0],"8":[0,0],"9":[0,0],"10":[0,0],"11":[0,0],"12":[0,0],"13":[0,0],"14":[0,0],"15":[0,0],"16":[0,0],"17":[0,0],"18":[0,0,0],"19":[0,0],"20":[0,0],"21":[0,0],"22":[0,0],"23":[0,0],"24":[0,0],"25":[0,0],"26":[0,0],"27":[0,0],"28":[0,0],"29":[0,0],"30":[0,0],"31":[0,0],"32":[0,0],"33":[0,0],"34":[0,0],"35":[0,0],"36":[0,0],"37":[0,0],"38":[0,0],"39":[0,0],"40":[0,0],"41":[0,0],"42":[0,0],"43":[0,0],"44":[0,0],"45":[0,0],"46":[0,0],"47":[0,0],"48":[0,0],"49":[0,0],"50":[0,0],"51":[0,0],"52":[0,0],"53":[0,0],"54":[0,0],"55":[0,0],"56":[0,0],"57":[0,0],"58":[0,0],"59":[0,0],"60":[0,0],"61":[0,0],"62":[0,0],"63":[0,0],"64":[0,0],"65":[0,0,0,0],"66":[0,0,0],"67":[0,0,0,0,0],"68":[0,0],"69":[0,0,0,0],"70":[0,0,0,0],"71":[0,0],"72":[0,0],"73":[0,0],"74":[0,0],"75":[0,0],"76":[0,0,0,0],"77":[0,0,0],"78":[0,0],"79":[0,0,0,0],"80":[0,0],"81":[0,0,0,0,0,0],"82":[0,0],"83":[0,0],"84":[0,0],"85":[0,0],"86":[0,0],"87":[0,0,0,0],"88":[0,0],"89":[0,0,0],"90":[0,0],"91":[0,0]},"f":{"1":2,"2":0,"3":0,"4":0,"5":0,"6":0,"7":0,"8":0,"9":0,"10":0,"11":0,"12":0,"13":0,"14":0,"15":0,"16":0,"17":0,"18":0,"19":0,"20":0,"21":0,"22":0,"23":0,"24":0,"25":0,"26":0,"27":0,"28":0,"29":0,"30":0,"31":0,"32":0,"33":0,"34":0,"35":0,"36":0,"37":0,"38":0,"39":0,"40":0,"41":0,"42":0,"43":0,"44":0,"45":0,"46":0,"47":0,"48":0},"fnMap":{"1":{"name":"(anonymous_1)","line":25,"loc":{"start":{"line":25,"column":2},"end":{"line":25,"column":14}}},"2":{"name":"ScrollReveal","line":31,"loc":{"start":{"line":31,"column":2},"end":{"line":31,"column":33}}},"3":{"name":"(anonymous_3)","line":121,"loc":{"start":{"line":121,"column":18},"end":{"line":121,"column":35}}},"4":{"name":"(anonymous_4)","line":122,"loc":{"start":{"line":122,"column":17},"end":{"line":122,"column":34}}},"5":{"name":"(anonymous_5)","line":125,"loc":{"start":{"line":125,"column":17},"end":{"line":125,"column":34}}},"6":{"name":"(anonymous_6)","line":126,"loc":{"start":{"line":126,"column":16},"end":{"line":126,"column":33}}},"7":{"name":"(anonymous_7)","line":133,"loc":{"start":{"line":133,"column":39},"end":{"line":133,"column":51}}},"8":{"name":"(anonymous_8)","line":151,"loc":{"start":{"line":151,"column":34},"end":{"line":151,"column":76}}},"9":{"name":"(anonymous_9)","line":263,"loc":{"start":{"line":263,"column":32},"end":{"line":263,"column":44}}},"10":{"name":"_resolveContainer","line":281,"loc":{"start":{"line":281,"column":2},"end":{"line":281,"column":38}}},"11":{"name":"_getRevealElements","line":304,"loc":{"start":{"line":304,"column":2},"end":{"line":304,"column":50}}},"12":{"name":"_nextUid","line":319,"loc":{"start":{"line":319,"column":2},"end":{"line":319,"column":23}}},"13":{"name":"_configure","line":323,"loc":{"start":{"line":323,"column":2},"end":{"line":323,"column":48}}},"14":{"name":"_style","line":345,"loc":{"start":{"line":345,"column":2},"end":{"line":345,"column":25}}},"15":{"name":"_generateTransition","line":388,"loc":{"start":{"line":388,"column":2},"end":{"line":388,"column":45}}},"16":{"name":"_generateTransform","line":408,"loc":{"start":{"line":408,"column":2},"end":{"line":408,"column":37}}},"17":{"name":"_updateStore","line":447,"loc":{"start":{"line":447,"column":2},"end":{"line":447,"column":31}}},"18":{"name":"_record","line":459,"loc":{"start":{"line":459,"column":2},"end":{"line":459,"column":46}}},"19":{"name":"_init","line":470,"loc":{"start":{"line":470,"column":2},"end":{"line":470,"column":20}}},"20":{"name":"_handler","line":493,"loc":{"start":{"line":493,"column":2},"end":{"line":493,"column":23}}},"21":{"name":"_setActiveSequences","line":497,"loc":{"start":{"line":497,"column":2},"end":{"line":497,"column":34}}},"22":{"name":"(anonymous_22)","line":504,"loc":{"start":{"line":504,"column":34},"end":{"line":504,"column":56}}},"23":{"name":"_animate","line":522,"loc":{"start":{"line":522,"column":2},"end":{"line":522,"column":23}}},"24":{"name":"(anonymous_24)","line":529,"loc":{"start":{"line":529,"column":39},"end":{"line":529,"column":57}}},"25":{"name":"_queueNextInSequence","line":577,"loc":{"start":{"line":577,"column":2},"end":{"line":577,"column":48}}},"26":{"name":"(anonymous_26)","line":599,"loc":{"start":{"line":599,"column":50},"end":{"line":599,"column":62}}},"27":{"name":"_queueCallback","line":607,"loc":{"start":{"line":607,"column":2},"end":{"line":607,"column":48}}},"28":{"name":"(anonymous_28)","line":636,"loc":{"start":{"line":636,"column":41},"end":{"line":636,"column":53}}},"29":{"name":"_shouldReveal","line":643,"loc":{"start":{"line":643,"column":2},"end":{"line":643,"column":32}}},"30":{"name":"_shouldUseDelay","line":656,"loc":{"start":{"line":656,"column":2},"end":{"line":656,"column":34}}},"31":{"name":"_shouldReset","line":663,"loc":{"start":{"line":663,"column":2},"end":{"line":663,"column":31}}},"32":{"name":"_getContainer","line":677,"loc":{"start":{"line":677,"column":2},"end":{"line":677,"column":37}}},"33":{"name":"_getScrolled","line":684,"loc":{"start":{"line":684,"column":2},"end":{"line":684,"column":36}}},"34":{"name":"_getOffset","line":701,"loc":{"start":{"line":701,"column":2},"end":{"line":701,"column":30}}},"35":{"name":"_isElemVisible","line":730,"loc":{"start":{"line":730,"column":2},"end":{"line":730,"column":33}}},"36":{"name":"confirmBounds","line":746,"loc":{"start":{"line":746,"column":4},"end":{"line":746,"column":30}}},"37":{"name":"isPositionFixed","line":765,"loc":{"start":{"line":765,"column":4},"end":{"line":765,"column":32}}},"38":{"name":"Tools","line":775,"loc":{"start":{"line":775,"column":2},"end":{"line":775,"column":20}}},"39":{"name":"(anonymous_39)","line":777,"loc":{"start":{"line":777,"column":29},"end":{"line":777,"column":47}}},"40":{"name":"(anonymous_40)","line":781,"loc":{"start":{"line":781,"column":27},"end":{"line":781,"column":45}}},"41":{"name":"(anonymous_41)","line":789,"loc":{"start":{"line":789,"column":31},"end":{"line":789,"column":49}}},"42":{"name":"(anonymous_42)","line":801,"loc":{"start":{"line":801,"column":27},"end":{"line":801,"column":55}}},"43":{"name":"(anonymous_43)","line":813,"loc":{"start":{"line":813,"column":27},"end":{"line":813,"column":53}}},"44":{"name":"(anonymous_44)","line":814,"loc":{"start":{"line":814,"column":24},"end":{"line":814,"column":44}}},"45":{"name":"(anonymous_45)","line":827,"loc":{"start":{"line":827,"column":32},"end":{"line":827,"column":58}}},"46":{"name":"(anonymous_46)","line":831,"loc":{"start":{"line":831,"column":29},"end":{"line":831,"column":41}}},"47":{"name":"(anonymous_47)","line":843,"loc":{"start":{"line":843,"column":4},"end":{"line":843,"column":24}}},"48":{"name":"(anonymous_48)","line":852,"loc":{"start":{"line":852,"column":11},"end":{"line":852,"column":23}}}},"statementMap":{"1":{"start":{"line":25,"column":1},"end":{"line":860,"column":5}},"2":{"start":{"line":28,"column":2},"end":{"line":28,"column":8}},"3":{"start":{"line":29,"column":2},"end":{"line":29,"column":28}},"4":{"start":{"line":31,"column":2},"end":{"line":61,"column":3}},"5":{"start":{"line":33,"column":4},"end":{"line":35,"column":5}},"6":{"start":{"line":34,"column":6},"end":{"line":34,"column":37}},"7":{"start":{"line":37,"column":4},"end":{"line":37,"column":13}},"8":{"start":{"line":38,"column":4},"end":{"line":38,"column":24}},"9":{"start":{"line":39,"column":4},"end":{"line":39,"column":26}},"10":{"start":{"line":41,"column":4},"end":{"line":58,"column":5}},"11":{"start":{"line":42,"column":6},"end":{"line":42,"column":48}},"12":{"start":{"line":44,"column":6},"end":{"line":44,"column":60}},"13":{"start":{"line":46,"column":6},"end":{"line":49,"column":7}},"14":{"start":{"line":51,"column":6},"end":{"line":51,"column":23}},"15":{"start":{"line":52,"column":6},"end":{"line":52,"column":21}},"16":{"start":{"line":53,"column":6},"end":{"line":53,"column":16}},"17":{"start":{"line":54,"column":6},"end":{"line":54,"column":28}},"18":{"start":{"line":55,"column":11},"end":{"line":58,"column":5}},"19":{"start":{"line":57,"column":6},"end":{"line":57,"column":67}},"20":{"start":{"line":60,"column":4},"end":{"line":60,"column":13}},"21":{"start":{"line":70,"column":2},"end":{"line":127,"column":3}},"22":{"start":{"line":133,"column":2},"end":{"line":137,"column":3}},"23":{"start":{"line":134,"column":4},"end":{"line":134,"column":46}},"24":{"start":{"line":135,"column":4},"end":{"line":136,"column":51}},"25":{"start":{"line":151,"column":2},"end":{"line":256,"column":3}},"26":{"start":{"line":152,"column":4},"end":{"line":152,"column":17}},"27":{"start":{"line":153,"column":4},"end":{"line":153,"column":16}},"28":{"start":{"line":154,"column":4},"end":{"line":154,"column":12}},"29":{"start":{"line":155,"column":4},"end":{"line":155,"column":14}},"30":{"start":{"line":156,"column":4},"end":{"line":156,"column":16}},"31":{"start":{"line":157,"column":4},"end":{"line":157,"column":18}},"32":{"start":{"line":161,"column":4},"end":{"line":166,"column":5}},"33":{"start":{"line":162,"column":6},"end":{"line":162,"column":23}},"34":{"start":{"line":163,"column":6},"end":{"line":163,"column":17}},"35":{"start":{"line":164,"column":11},"end":{"line":166,"column":5}},"36":{"start":{"line":165,"column":6},"end":{"line":165,"column":17}},"37":{"start":{"line":168,"column":4},"end":{"line":168,"column":41}},"38":{"start":{"line":169,"column":4},"end":{"line":169,"column":52}},"39":{"start":{"line":171,"column":4},"end":{"line":174,"column":5}},"40":{"start":{"line":172,"column":6},"end":{"line":172,"column":88}},"41":{"start":{"line":173,"column":6},"end":{"line":173,"column":15}},"42":{"start":{"line":177,"column":4},"end":{"line":186,"column":5}},"43":{"start":{"line":178,"column":6},"end":{"line":178,"column":29}},"44":{"start":{"line":180,"column":6},"end":{"line":185,"column":7}},"45":{"start":{"line":189,"column":4},"end":{"line":233,"column":5}},"46":{"start":{"line":191,"column":6},"end":{"line":191,"column":53}},"47":{"start":{"line":192,"column":6},"end":{"line":203,"column":7}},"48":{"start":{"line":193,"column":8},"end":{"line":193,"column":40}},"49":{"start":{"line":196,"column":8},"end":{"line":201,"column":9}},"50":{"start":{"line":202,"column":8},"end":{"line":202,"column":54}},"51":{"start":{"line":206,"column":6},"end":{"line":213,"column":7}},"52":{"start":{"line":207,"column":8},"end":{"line":210,"column":9}},"53":{"start":{"line":212,"column":8},"end":{"line":212,"column":38}},"54":{"start":{"line":217,"column":6},"end":{"line":217,"column":41}},"55":{"start":{"line":218,"column":6},"end":{"line":218,"column":18}},"56":{"start":{"line":219,"column":6},"end":{"line":219,"column":24}},"57":{"start":{"line":223,"column":6},"end":{"line":232,"column":7}},"58":{"start":{"line":224,"column":8},"end":{"line":224,"column":60}},"59":{"start":{"line":225,"column":8},"end":{"line":225,"column":28}},"60":{"start":{"line":226,"column":13},"end":{"line":232,"column":7}},"61":{"start":{"line":228,"column":8},"end":{"line":231,"column":9}},"62":{"start":{"line":241,"column":4},"end":{"line":253,"column":5}},"63":{"start":{"line":242,"column":6},"end":{"line":242,"column":39}},"64":{"start":{"line":249,"column":6},"end":{"line":251,"column":7}},"65":{"start":{"line":250,"column":8},"end":{"line":250,"column":43}},"66":{"start":{"line":252,"column":6},"end":{"line":252,"column":50}},"67":{"start":{"line":255,"column":4},"end":{"line":255,"column":13}},"68":{"start":{"line":263,"column":2},"end":{"line":274,"column":3}},"69":{"start":{"line":264,"column":4},"end":{"line":272,"column":5}},"70":{"start":{"line":265,"column":6},"end":{"line":268,"column":7}},"71":{"start":{"line":266,"column":8},"end":{"line":266,"column":34}},"72":{"start":{"line":267,"column":8},"end":{"line":267,"column":70}},"73":{"start":{"line":269,"column":6},"end":{"line":269,"column":13}},"74":{"start":{"line":271,"column":6},"end":{"line":271,"column":65}},"75":{"start":{"line":273,"column":4},"end":{"line":273,"column":13}},"76":{"start":{"line":281,"column":2},"end":{"line":293,"column":3}},"77":{"start":{"line":282,"column":4},"end":{"line":291,"column":5}},"78":{"start":{"line":283,"column":6},"end":{"line":290,"column":7}},"79":{"start":{"line":284,"column":8},"end":{"line":284,"column":78}},"80":{"start":{"line":285,"column":13},"end":{"line":290,"column":7}},"81":{"start":{"line":286,"column":8},"end":{"line":286,"column":31}},"82":{"start":{"line":288,"column":8},"end":{"line":288,"column":91}},"83":{"start":{"line":289,"column":8},"end":{"line":289,"column":71}},"84":{"start":{"line":292,"column":4},"end":{"line":292,"column":32}},"85":{"start":{"line":304,"column":2},"end":{"line":313,"column":3}},"86":{"start":{"line":305,"column":4},"end":{"line":311,"column":5}},"87":{"start":{"line":306,"column":6},"end":{"line":306,"column":75}},"88":{"start":{"line":307,"column":11},"end":{"line":311,"column":5}},"89":{"start":{"line":308,"column":6},"end":{"line":308,"column":21}},"90":{"start":{"line":309,"column":11},"end":{"line":311,"column":5}},"91":{"start":{"line":310,"column":6},"end":{"line":310,"column":47}},"92":{"start":{"line":312,"column":4},"end":{"line":312,"column":13}},"93":{"start":{"line":319,"column":2},"end":{"line":321,"column":3}},"94":{"start":{"line":320,"column":4},"end":{"line":320,"column":19}},"95":{"start":{"line":323,"column":2},"end":{"line":343,"column":3}},"96":{"start":{"line":326,"column":4},"end":{"line":326,"column":54}},"97":{"start":{"line":326,"column":26},"end":{"line":326,"column":54}},"98":{"start":{"line":329,"column":4},"end":{"line":335,"column":5}},"99":{"start":{"line":330,"column":6},"end":{"line":330,"column":61}},"100":{"start":{"line":334,"column":6},"end":{"line":334,"column":61}},"101":{"start":{"line":338,"column":4},"end":{"line":342,"column":5}},"102":{"start":{"line":339,"column":6},"end":{"line":339,"column":28}},"103":{"start":{"line":341,"column":6},"end":{"line":341,"column":28}},"104":{"start":{"line":345,"column":2},"end":{"line":386,"column":3}},"105":{"start":{"line":346,"column":4},"end":{"line":346,"column":54}},"106":{"start":{"line":348,"column":4},"end":{"line":371,"column":5}},"107":{"start":{"line":349,"column":6},"end":{"line":353,"column":7}},"108":{"start":{"line":359,"column":6},"end":{"line":359,"column":65}},"109":{"start":{"line":360,"column":6},"end":{"line":360,"column":53}},"110":{"start":{"line":363,"column":6},"end":{"line":363,"column":53}},"111":{"start":{"line":366,"column":6},"end":{"line":370,"column":7}},"112":{"start":{"line":367,"column":8},"end":{"line":367,"column":44}},"113":{"start":{"line":369,"column":8},"end":{"line":369,"column":68}},"114":{"start":{"line":374,"column":4},"end":{"line":374,"column":65}},"115":{"start":{"line":375,"column":4},"end":{"line":375,"column":81}},"116":{"start":{"line":378,"column":4},"end":{"line":378,"column":57}},"117":{"start":{"line":379,"column":4},"end":{"line":379,"column":56}},"118":{"start":{"line":380,"column":4},"end":{"line":380,"column":28}},"119":{"start":{"line":383,"column":4},"end":{"line":383,"column":49}},"120":{"start":{"line":384,"column":4},"end":{"line":384,"column":48}},"121":{"start":{"line":385,"column":4},"end":{"line":385,"column":28}},"122":{"start":{"line":388,"column":2},"end":{"line":406,"column":3}},"123":{"start":{"line":389,"column":4},"end":{"line":389,"column":28}},"124":{"start":{"line":391,"column":4},"end":{"line":405,"column":26}},"125":{"start":{"line":408,"column":2},"end":{"line":445,"column":3}},"126":{"start":{"line":409,"column":4},"end":{"line":409,"column":28}},"127":{"start":{"line":410,"column":4},"end":{"line":410,"column":19}},"128":{"start":{"line":411,"column":4},"end":{"line":411,"column":41}},"129":{"start":{"line":415,"column":4},"end":{"line":421,"column":5}},"130":{"start":{"line":416,"column":6},"end":{"line":418,"column":31}},"131":{"start":{"line":420,"column":6},"end":{"line":420,"column":35}},"132":{"start":{"line":423,"column":4},"end":{"line":426,"column":5}},"133":{"start":{"line":424,"column":6},"end":{"line":424,"column":79}},"134":{"start":{"line":425,"column":6},"end":{"line":425,"column":60}},"135":{"start":{"line":427,"column":4},"end":{"line":430,"column":5}},"136":{"start":{"line":428,"column":6},"end":{"line":428,"column":57}},"137":{"start":{"line":429,"column":6},"end":{"line":429,"column":37}},"138":{"start":{"line":431,"column":4},"end":{"line":434,"column":5}},"139":{"start":{"line":432,"column":6},"end":{"line":432,"column":65}},"140":{"start":{"line":433,"column":6},"end":{"line":433,"column":39}},"141":{"start":{"line":435,"column":4},"end":{"line":438,"column":5}},"142":{"start":{"line":436,"column":6},"end":{"line":436,"column":65}},"143":{"start":{"line":437,"column":6},"end":{"line":437,"column":39}},"144":{"start":{"line":439,"column":4},"end":{"line":442,"column":5}},"145":{"start":{"line":440,"column":6},"end":{"line":440,"column":65}},"146":{"start":{"line":441,"column":6},"end":{"line":441,"column":39}},"147":{"start":{"line":443,"column":4},"end":{"line":443,"column":61}},"148":{"start":{"line":444,"column":4},"end":{"line":444,"column":74}},"149":{"start":{"line":447,"column":2},"end":{"line":457,"column":3}},"150":{"start":{"line":448,"column":4},"end":{"line":448,"column":41}},"151":{"start":{"line":451,"column":4},"end":{"line":453,"column":5}},"152":{"start":{"line":452,"column":6},"end":{"line":452,"column":53}},"153":{"start":{"line":456,"column":4},"end":{"line":456,"column":37}},"154":{"start":{"line":459,"column":2},"end":{"line":468,"column":3}},"155":{"start":{"line":462,"column":4},"end":{"line":466,"column":5}},"156":{"start":{"line":467,"column":4},"end":{"line":467,"column":27}},"157":{"start":{"line":470,"column":2},"end":{"line":491,"column":3}},"158":{"start":{"line":471,"column":4},"end":{"line":489,"column":5}},"159":{"start":{"line":474,"column":6},"end":{"line":474,"column":16}},"160":{"start":{"line":478,"column":6},"end":{"line":481,"column":7}},"161":{"start":{"line":479,"column":8},"end":{"line":479,"column":67}},"162":{"start":{"line":480,"column":8},"end":{"line":480,"column":67}},"163":{"start":{"line":484,"column":6},"end":{"line":488,"column":7}},"164":{"start":{"line":485,"column":8},"end":{"line":485,"column":51}},"165":{"start":{"line":486,"column":8},"end":{"line":486,"column":51}},"166":{"start":{"line":487,"column":8},"end":{"line":487,"column":29}},"167":{"start":{"line":490,"column":4},"end":{"line":490,"column":13}},"168":{"start":{"line":493,"column":2},"end":{"line":495,"column":3}},"169":{"start":{"line":494,"column":4},"end":{"line":494,"column":36}},"170":{"start":{"line":497,"column":2},"end":{"line":520,"column":3}},"171":{"start":{"line":498,"column":4},"end":{"line":498,"column":14}},"172":{"start":{"line":499,"column":4},"end":{"line":499,"column":12}},"173":{"start":{"line":500,"column":4},"end":{"line":500,"column":14}},"174":{"start":{"line":501,"column":4},"end":{"line":501,"column":16}},"175":{"start":{"line":504,"column":4},"end":{"line":519,"column":6}},"176":{"start":{"line":505,"column":6},"end":{"line":505,"column":41}},"177":{"start":{"line":506,"column":6},"end":{"line":506,"column":20}},"178":{"start":{"line":510,"column":6},"end":{"line":516,"column":7}},"179":{"start":{"line":511,"column":8},"end":{"line":511,"column":36}},"180":{"start":{"line":512,"column":8},"end":{"line":512,"column":40}},"181":{"start":{"line":513,"column":8},"end":{"line":515,"column":9}},"182":{"start":{"line":514,"column":10},"end":{"line":514,"column":23}},"183":{"start":{"line":518,"column":6},"end":{"line":518,"column":30}},"184":{"start":{"line":522,"column":2},"end":{"line":575,"column":3}},"185":{"start":{"line":523,"column":4},"end":{"line":523,"column":15}},"186":{"start":{"line":524,"column":4},"end":{"line":524,"column":12}},"187":{"start":{"line":526,"column":4},"end":{"line":526,"column":25}},"188":{"start":{"line":529,"column":4},"end":{"line":574,"column":6}},"189":{"start":{"line":530,"column":6},"end":{"line":530,"column":38}},"190":{"start":{"line":531,"column":6},"end":{"line":531,"column":37}},"191":{"start":{"line":536,"column":6},"end":{"line":573,"column":7}},"192":{"start":{"line":537,"column":8},"end":{"line":537,"column":44}},"193":{"start":{"line":538,"column":8},"end":{"line":550,"column":9}},"194":{"start":{"line":539,"column":10},"end":{"line":543,"column":11}},"195":{"start":{"line":545,"column":10},"end":{"line":549,"column":11}},"196":{"start":{"line":554,"column":8},"end":{"line":554,"column":47}},"197":{"start":{"line":555,"column":8},"end":{"line":555,"column":29}},"198":{"start":{"line":556,"column":8},"end":{"line":556,"column":24}},"199":{"start":{"line":558,"column":8},"end":{"line":560,"column":9}},"200":{"start":{"line":559,"column":10},"end":{"line":559,"column":45}},"201":{"start":{"line":561,"column":13},"end":{"line":573,"column":7}},"202":{"start":{"line":564,"column":8},"end":{"line":564,"column":43}},"203":{"start":{"line":565,"column":8},"end":{"line":569,"column":9}},"204":{"start":{"line":571,"column":8},"end":{"line":571,"column":37}},"205":{"start":{"line":572,"column":8},"end":{"line":572,"column":30}},"206":{"start":{"line":577,"column":2},"end":{"line":605,"column":3}},"207":{"start":{"line":578,"column":4},"end":{"line":578,"column":19}},"208":{"start":{"line":579,"column":4},"end":{"line":579,"column":17}},"209":{"start":{"line":580,"column":4},"end":{"line":580,"column":49}},"210":{"start":{"line":583,"column":4},"end":{"line":583,"column":27}},"211":{"start":{"line":587,"column":4},"end":{"line":589,"column":5}},"212":{"start":{"line":588,"column":6},"end":{"line":588,"column":31}},"213":{"start":{"line":592,"column":4},"end":{"line":595,"column":5}},"214":{"start":{"line":593,"column":6},"end":{"line":593,"column":66}},"215":{"start":{"line":594,"column":6},"end":{"line":594,"column":46}},"216":{"start":{"line":598,"column":4},"end":{"line":598,"column":49}},"217":{"start":{"line":599,"column":4},"end":{"line":604,"column":53}},"218":{"start":{"line":601,"column":6},"end":{"line":601,"column":30}},"219":{"start":{"line":602,"column":6},"end":{"line":602,"column":32}},"220":{"start":{"line":603,"column":6},"end":{"line":603,"column":16}},"221":{"start":{"line":607,"column":2},"end":{"line":641,"column":3}},"222":{"start":{"line":608,"column":4},"end":{"line":608,"column":19}},"223":{"start":{"line":609,"column":4},"end":{"line":609,"column":20}},"224":{"start":{"line":610,"column":4},"end":{"line":610,"column":26}},"225":{"start":{"line":613,"column":4},"end":{"line":626,"column":5}},"226":{"start":{"line":615,"column":8},"end":{"line":615,"column":39}},"227":{"start":{"line":616,"column":8},"end":{"line":618,"column":9}},"228":{"start":{"line":617,"column":10},"end":{"line":617,"column":39}},"229":{"start":{"line":619,"column":8},"end":{"line":619,"column":28}},"230":{"start":{"line":620,"column":8},"end":{"line":620,"column":13}},"231":{"start":{"line":623,"column":8},"end":{"line":623,"column":39}},"232":{"start":{"line":624,"column":8},"end":{"line":624,"column":27}},"233":{"start":{"line":625,"column":8},"end":{"line":625,"column":13}},"234":{"start":{"line":629,"column":4},"end":{"line":632,"column":5}},"235":{"start":{"line":630,"column":6},"end":{"line":630,"column":57}},"236":{"start":{"line":631,"column":6},"end":{"line":631,"column":43}},"237":{"start":{"line":635,"column":4},"end":{"line":635,"column":40}},"238":{"start":{"line":636,"column":4},"end":{"line":640,"column":26}},"239":{"start":{"line":638,"column":6},"end":{"line":638,"column":39}},"240":{"start":{"line":639,"column":6},"end":{"line":639,"column":23}},"241":{"start":{"line":643,"column":2},"end":{"line":654,"column":3}},"242":{"start":{"line":644,"column":4},"end":{"line":650,"column":5}},"243":{"start":{"line":645,"column":6},"end":{"line":645,"column":51}},"244":{"start":{"line":646,"column":6},"end":{"line":649,"column":22}},"245":{"start":{"line":651,"column":4},"end":{"line":653,"column":20}},"246":{"start":{"line":656,"column":2},"end":{"line":661,"column":3}},"247":{"start":{"line":657,"column":4},"end":{"line":657,"column":37}},"248":{"start":{"line":658,"column":4},"end":{"line":660,"column":39}},"249":{"start":{"line":663,"column":2},"end":{"line":675,"column":3}},"250":{"start":{"line":664,"column":4},"end":{"line":670,"column":5}},"251":{"start":{"line":665,"column":6},"end":{"line":665,"column":51}},"252":{"start":{"line":666,"column":6},"end":{"line":669,"column":22}},"253":{"start":{"line":671,"column":4},"end":{"line":674,"column":20}},"254":{"start":{"line":677,"column":2},"end":{"line":682,"column":3}},"255":{"start":{"line":678,"column":4},"end":{"line":681,"column":5}},"256":{"start":{"line":684,"column":2},"end":{"line":699,"column":3}},"257":{"start":{"line":686,"column":4},"end":{"line":698,"column":5}},"258":{"start":{"line":687,"column":6},"end":{"line":687,"column":40}},"259":{"start":{"line":688,"column":6},"end":{"line":691,"column":7}},"260":{"start":{"line":694,"column":6},"end":{"line":697,"column":7}},"261":{"start":{"line":701,"column":2},"end":{"line":728,"column":3}},"262":{"start":{"line":702,"column":4},"end":{"line":702,"column":21}},"263":{"start":{"line":703,"column":4},"end":{"line":703,"column":22}},"264":{"start":{"line":706,"column":4},"end":{"line":706,"column":41}},"265":{"start":{"line":707,"column":4},"end":{"line":707,"column":39}},"266":{"start":{"line":712,"column":4},"end":{"line":720,"column":19}},"267":{"start":{"line":713,"column":6},"end":{"line":715,"column":7}},"268":{"start":{"line":714,"column":8},"end":{"line":714,"column":36}},"269":{"start":{"line":716,"column":6},"end":{"line":718,"column":7}},"270":{"start":{"line":717,"column":8},"end":{"line":717,"column":38}},"271":{"start":{"line":719,"column":6},"end":{"line":719,"column":32}},"272":{"start":{"line":722,"column":4},"end":{"line":727,"column":5}},"273":{"start":{"line":730,"column":2},"end":{"line":768,"column":3}},"274":{"start":{"line":731,"column":4},"end":{"line":731,"column":39}},"275":{"start":{"line":732,"column":4},"end":{"line":732,"column":56}},"276":{"start":{"line":733,"column":4},"end":{"line":733,"column":54}},"277":{"start":{"line":734,"column":4},"end":{"line":734,"column":35}},"278":{"start":{"line":737,"column":4},"end":{"line":737,"column":34}},"279":{"start":{"line":738,"column":4},"end":{"line":738,"column":32}},"280":{"start":{"line":739,"column":4},"end":{"line":739,"column":28}},"281":{"start":{"line":740,"column":4},"end":{"line":740,"column":30}},"282":{"start":{"line":741,"column":4},"end":{"line":741,"column":41}},"283":{"start":{"line":742,"column":4},"end":{"line":742,"column":40}},"284":{"start":{"line":744,"column":4},"end":{"line":744,"column":47}},"285":{"start":{"line":746,"column":4},"end":{"line":763,"column":5}},"286":{"start":{"line":748,"column":6},"end":{"line":748,"column":41}},"287":{"start":{"line":749,"column":6},"end":{"line":749,"column":42}},"288":{"start":{"line":750,"column":6},"end":{"line":750,"column":47}},"289":{"start":{"line":751,"column":6},"end":{"line":751,"column":44}},"290":{"start":{"line":754,"column":6},"end":{"line":754,"column":59}},"2
[...]
d(\" + (product.join(', ')) + \");\"),","\t\t\tfinal: ((transform.property) + \": matrix3d(\" + (transform.computed.matrix.join(', ')) + \");\"),","\t\t};","\t} else {","\t\ttransform.generated = {","\t\t\tinitial: '',","\t\t\tfinal: '',","\t\t};","\t}","","\t/**","\t * Generate transition styles","\t */","\tvar transition = {};","\tif (opacity.generated || transform.generated.initial) {","","\t\ttransition.property = getPrefixedStyleProperty('transition');","\t\ttransition.computed = computed[transition.property];","\t\ttransition.fragments = [];","","\t\tvar delay = config.delay;","\t\tvar duration = config.duration;","\t\tvar easing = config.easing;","","\t\tif (opacity.generated) {","\t\t\ttransition.fragments.push({","\t\t\t\tdelayed: (\"opacity \" + (duration / 1000) + \"s \" + easing + \" \" + (delay / 1000) + \"s\"),","\t\t\t\tinstant: (\"opacity \" + (duration / 1000) + \"s \" + easing + \" 0s\"),","\t\t\t});","\t\t}","","\t\tif (transform.generated.initial) {","\t\t\ttransition.fragments.push({","\t\t\t\tdelayed: ((transform.property) + \" \" + (duration / 1000) + \"s \" + easing + \" \" + (delay / 1000) + \"s\"),","\t\t\t\tinstant: ((transform.property) + \" \" + (duration / 1000) + \"s \" + easing + \" 0s\"),","\t\t\t});","\t\t}","","\t\t/**","\t\t * The default computed transition property should be one of:","\t\t * undefined || '' || 'all 0s ease 0s' || 'all 0s 0s cubic-bezier()'","\t\t */","\t\tif (transition.computed && !transition.computed.match(/all 0s/)) {","\t\t\ttransition.fragments.unshift({","\t\t\t\tdelayed: transition.computed,","\t\t\t\tinstant: transition.computed,","\t\t\t});","\t\t}","","\t\tvar composed = transition.fragments.reduce(function (composition, fragment, i) {","\t\t\tcomposition.delayed += (i === 0) ? fragment.delayed : (\", \" + (fragment.delayed));","\t\t\tcomposition.instant += (i === 0) ? fragment.instant : (\", \" + (fragment.instant));","\t\t\treturn composition","\t\t}, {","\t\t\tdelayed: '',","\t\t\tinstant: '',","\t\t});","","\t\ttransition.generated = {","\t\t\tdelayed: ((transition.property) + \": \" + (composed.delayed) + \";\"),","\t\t\tinstant: ((transition.property) + \": \" + (composed.instant) + \";\"),","\t\t};","\t}","","\treturn {","\t\tinline: inline,","\t\topacity: opacity,","\t\tposition: position,","\t\ttransform: transform,","\t\ttransition: transition,","\t}","}","","function initialize () {","\tvar this$1 = this;","","","\trinse.call(this);","","\teach(this.store.elements, function (element) {","\t\tvar styles = [element.styles.inline];","","\t\tif (element.visible) {","\t\t\tstyles.push(element.styles.opacity.computed);","\t\t\tstyles.push(element.styles.transform.generated.final);","\t\t} else {","\t\t\tstyles.push(element.styles.opacity.generated);","\t\t\tstyles.push(element.styles.transform.generated.initial);","\t\t}","","\t\telement.node.setAttribute('style', styles.join(' '));","\t});","","\teach(this.store.containers, function (container) {","\t\tif (container.node === document.documentElement) {","\t\t\twindow.addEventListener('scroll', this$1.delegate);","\t\t\twindow.addEventListener('resize', this$1.delegate);","\t\t} else {","\t\t\tcontainer.node.addEventListener('scroll', this$1.delegate);","\t\t\tcontainer.node.addEventListener('resize', this$1.delegate);","\t\t}","\t});","","\t/**","\t * Manually invoke delegate once to capture","\t * element and container dimensions, container","\t * scroll position, and trigger any valid reveals","\t */","\tthis.delegate();","","\tthis.initTimeout = null;","}","","function reveal (target, options, interval, sync) {","\tvar this$1 = this;","","","\t/**","\t * The reveal method has an optional 2nd parameter,","\t * so here we just shuffle things around to accept","\t * the interval being passed as the 2nd argument.","\t */","\tif (typeof options === 'number') {","\t\tinterval = Math.abs(parseInt(options));","\t\toptions = {};","\t} else {","\t\tinterval = Math.abs(parseInt(interval));","\t\toptions = options || {};","\t}","","\tvar config = deepAssign({}, this.defaults, options);","\tvar containers = this.store.containers;","\tvar container = getNode(config.container);","\tvar targets = getNodes(target, container);","","\tif (!targets.length) {","\t\tlogger('Reveal aborted.', 'Reveal cannot be performed on 0 elements.');","\t\treturn","\t}","","\t/**","\t * Verify our platform matches our platform configuration.","\t */","\tif (!config.mobile && isMobile() || !config.desktop && !isMobile()) {","\t\tlogger('Reveal aborted.', 'This platform has been disabled.');","\t\treturn","\t}","","\t/**","\t * Sequence intervals must be at least 16ms (60fps).","\t */","\tvar sequence;","\tif (interval) {","\t\tif (interval >= 16) {","\t\t\tvar sequenceId = nextUniqueId();","\t\t\tsequence = {","\t\t\t\telementIds: [],","\t\t\t\thead: { index: null, blocked: false },","\t\t\t\ttail: { index: null, blocked: false },","\t\t\t\tid: sequenceId,","\t\t\t\tinterval: Math.abs(interval),","\t\t\t};","\t\t} else {","\t\t\tlogger('Reveal failed.', 'Sequence intervals must be at least 16 milliseconds.');","\t\t\treturn","\t\t}","\t}","","\tvar containerId;","\teach(containers, function (storedContainer) {","\t\tif (!containerId && storedContainer.node === container) {","\t\t\tcontainerId = storedContainer.id;","\t\t}","\t});","","\tif (isNaN(containerId)) {","\t\tcontainerId = nextUniqueId();","\t}","","\ttry {","\t\tvar elements = targets.map(function (node) {","\t\t\tvar element = {};","\t\t\tvar existingId = node.getAttribute('data-sr-id');","","\t\t\tif (existingId) {","\t\t\t\tdeepAssign(element, this$1.store.elements[existingId]);","","\t\t\t\t/**","\t\t\t\t * In order to prevent previously generated styles","\t\t\t\t * from throwing off the new styles, the style tag","\t\t\t\t * has to be reverted to it's pre-reveal state.","\t\t\t\t */","\t\t\t\telement.node.setAttribute('style', element.styles.inline);","","\t\t\t} else {","\t\t\t\telement.id = nextUniqueId();","\t\t\t\telement.node = node;","\t\t\t\telement.seen = false;","\t\t\t\telement.visible = false;","\t\t\t}","","\t\t\telement.config = config;","\t\t\telement.containerId = containerId;","\t\t\telement.styles = style(element);","","\t\t\tif (sequence) {","\t\t\t\telement.sequence = {","\t\t\t\t\tid: sequence.id,","\t\t\t\t\tindex: sequence.elementIds.length,","\t\t\t\t};","\t\t\t\tsequence.elementIds.push(element.id);","\t\t\t}","","\t\t\treturn element","\t\t});","","\t\t/**","\t\t* Modifying the DOM via setAttribute needs to be handled","\t\t* separately from reading computed styles in the map above","\t\t* for the browser to batch DOM changes (limiting reflows)","\t\t*/","\t\teach(elements, function (element) {","\t\t\tthis$1.store.elements[element.id] = element;","\t\t\telement.node.setAttribute('data-sr-id', element.id);","\t\t});","","\t} catch (error) {","\t\tlogger('Reveal failed.', error.message);","\t\treturn","\t}","","\tcontainers[containerId] = containers[containerId] || {","\t\tid: containerId,","\t\tnode: container,","\t};","","\tif (sequence) {","\t\tthis.store.sequences[sequence.id] = sequence;","\t}","","\t/**","\t* If reveal wasn't invoked by sync, we want to","\t* make sure to add this call to the history.","\t*/","\tif (!sync) {","\t\tthis.store.history.push({ target: target, options: options, interval: interval });","","\t\t/**","\t\t* Push initialization to the event queue, giving","\t\t* multiple reveal calls time to be interpretted.","\t\t*/","\t\tif (this.initTimeout) {","\t\t\twindow.clearTimeout(this.initTimeout);","\t\t}","\t\tthis.initTimeout = window.setTimeout(initialize.bind(this), 0);","\t}","}","","/**"," * Re-runs the reveal method for each record stored in history,"," * for capturing new content asynchronously loaded into the DOM."," */","function sync () {","\tvar this$1 = this;","","\teach(this.store.history, function (record) {","\t\treveal.call(this$1, record.target, record.options, record.interval, true);","\t});","","\tinitialize.call(this);","}","","function animate (element) {","\tvar this$1 = this;","","","\tvar isDelayed = element.config.useDelay === 'always'","\t\t|| element.config.useDelay === 'onload' && this.pristine","\t\t|| element.config.useDelay === 'once' && !element.seen;","","\tvar sequence = (element.sequence) ? this.store.sequences[element.sequence.id] : null;","\tvar styles = [element.styles.inline];","","\tif (isElementVisible.call(this, element) && !element.visible) {","","\t\tif (sequence !== null) {","\t\t\tif (sequence.head.index === null && sequence.tail.index === null) {","\t\t\t\tsequence.head.index = sequence.tail.index = element.sequence.index;","\t\t\t\tsequence.head.blocked = sequence.tail.blocked = true;","","\t\t\t} else if (sequence.head.index - 1 === element.sequence.index && !sequence.head.blocked) {","\t\t\t\tsequence.head.index--;","\t\t\t\tsequence.head.blocked = true;","","\t\t\t} else if (sequence.tail.index + 1 === element.sequence.index && !sequence.tail.blocked) {","\t\t\t\tsequence.tail.index++;","\t\t\t\tsequence.tail.blocked = true;","","\t\t\t} else { return }","","\t\t\twindow.setTimeout(function () {","\t\t\t\tsequence.head.blocked = sequence.tail.blocked = false;","\t\t\t\tthis$1.delegate();","\t\t\t}, sequence.interval);","\t\t}","","\t\tstyles.push(element.styles.opacity.computed);","\t\tstyles.push(element.styles.transform.generated.final);","","\t\tif (isDelayed) {","\t\t\tstyles.push(element.styles.transition.generated.delayed);","\t\t} else {","\t\t\tstyles.push(element.styles.transition.generated.instant);","\t\t}","","\t\telement.seen = true;","\t\telement.visible = true;","\t\tregisterCallbacks.call(this, element, isDelayed);","\t\telement.node.setAttribute('style', styles.join(' '));","","\t} else {","\t\tif (!isElementVisible.call(this, element) && element.visible && element.config.reset) {","","\t\t\tif (sequence) {","\t\t\t\tif (sequence.head.index === element.sequence.index) {","\t\t\t\t\tsequence.head.index++;","\t\t\t\t} else if (sequence.tail.index === element.sequence.index) {","\t\t\t\t\tsequence.tail.index--;","\t\t\t\t} else { return }","\t\t\t}","","\t\t\tstyles.push(element.styles.opacity.generated);","\t\t\tstyles.push(element.styles.transform.generated.initial);","\t\t\tstyles.push(element.styles.transition.generated.instant);","","\t\t\telement.visible = false;","\t\t\tregisterCallbacks.call(this, element);","\t\t\telement.node.setAttribute('style', styles.join(' '));","\t\t}","\t}","}","","","function registerCallbacks (element, isDelayed) {","\tvar this$1 = this;","","","\tvar duration = (isDelayed)","\t\t? element.config.duration + element.config.delay","\t\t: element.config.duration;","","\tvar afterCallback;","\tif (element.visible) {","\t\telement.config.beforeReveal(element.node);","\t\tafterCallback = element.config.afterReveal;","\t} else {","\t\telement.config.beforeReset(element.node);","\t\tafterCallback = element.config.afterReset;","\t}","","\tvar elapsed = 0;","\tif (element.callbackTimer) {","\t\telapsed = Date.now() - element.callbackTimer.start;","\t\twindow.clearTimeout(element.callbackTimer.clock);","\t}","","\telement.callbackTimer = {","\t\tstart: Date.now(),","\t\tclock: window.setTimeout(function () {","\t\t\tafterCallback(element.node);","\t\t\telement.callbackTimer = null;","\t\t\tif (element.visible && !element.config.reset) {","\t\t\t\tclean.call(this$1, element.node);","\t\t\t}","\t\t}, duration - elapsed),","\t};","}","","var polyfill = (function () {","\tvar clock = Date.now();","","\treturn function (callback) {","\t\tvar currentTime = Date.now();","\t\tif (currentTime - clock > 16) {","\t\t\tclock = currentTime;","\t\t\tcallback(currentTime);","\t\t} else {","\t\t\tsetTimeout(function () { return polyfill(callback); }, 0);","\t\t}","\t}","})();","","","var requestAnimationFrame = window.requestAnimationFrame","\t|| window.webkitRequestAnimationFrame","\t|| window.mozRequestAnimationFrame","\t|| polyfill;","","function delegate (event) {","\tvar this$1 = this;","\tif ( event === void 0 ) event = {};","","\trequestAnimationFrame(function () {","\t\tvar containers = this$1.store.containers;","\t\tvar elements = this$1.store.elements;","","\t\tswitch (event.type) {","","\t\t\tcase 'scroll':","\t\t\t\teach(containers, function (container) { return container.scroll = getScrolled.call(this$1, container); });","\t\t\t\teach(elements, function (element) { return animate.call(this$1, element); });","\t\t\t\tbreak","","\t\t\tcase 'resize':","\t\t\tdefault:","\t\t\t\teach(containers, function (container) {","\t\t\t\t\tcontainer.geometry = getGeometry.call(this$1, container, /* isContainer: */ true);","\t\t\t\t\tcontainer.scroll = getScrolled.call(this$1, container);","\t\t\t\t});","\t\t\t\teach(elements, function (element) {","\t\t\t\t\telement.geometry = getGeometry.call(this$1, element);","\t\t\t\t\tanimate.call(this$1, element);","\t\t\t\t});","\t\t}","","\t\tthis$1.pristine = false;","\t});","}","","var version = \"4.0.0-beta.2\";","","function ScrollReveal (options) {","\tif ( options === void 0 ) options = {};","","","\t/**","\t * Support instantiation without the `new` keyword.","\t */","\tif (typeof this === 'undefined' || Object.getPrototypeOf(this) !== ScrollReveal.prototype) {","\t\treturn new ScrollReveal(options)","\t}","","\tif (!ScrollReveal.isSupported()) {","\t\tlogger('Instantiation aborted.', 'This browser is not supported.');","\t\treturn noop","\t}","","\ttry {","\t\tObject.defineProperty(this, 'defaults', {","\t\t\tget: (function () {","\t\t\t\tvar config = {};","\t\t\t\tdeepAssign(config, defaults, options);","\t\t\t\treturn function () { return config; }","\t\t\t})(),","\t\t});","\t} catch (error) {","\t\tlogger('Instantiation failed.', 'Invalid configuration provided.', error.message);","\t\treturn noop","\t}","","\tvar container = getNode(this.defaults.container);","\tif (!container) {","\t\tlogger('Instantiation failed.', 'Invalid or missing container.');","\t\treturn noop","\t}","","\tif (this.defaults.mobile === isMobile() || this.defaults.desktop === !isMobile()) {","\t\tdocument.documentElement.classList.add('sr');","\t}","","\tthis.store = {","\t\tcontainers: {},","\t\telements: {},","\t\thistory: [],","\t\tsequences: {},","\t};","","\tthis.pristine = true;","\tthis.delegate = delegate.bind(this);","","\tObject.defineProperty(this, 'version', {","\t\tget: function () { return version; },","\t});","","\tObject.defineProperty(this, 'noop', {","\t\tget: function () { return false; },","\t});","}","","ScrollReveal.isSupported = function () { return transformSupported() && transitionSupported(); };","","ScrollReveal.prototype.clean = clean;","ScrollReveal.prototype.destroy = destroy;","ScrollReveal.prototype.reveal = reveal;","ScrollReveal.prototype.sync = sync;","","/////    /////    /////    /////","/////    /////    /////    /////","/////    /////    /////    /////","/////    /////    /////    /////","/////             /////    /////","/////             /////    /////","/////    /////    /////    /////","/////    /////    /////    /////","         /////    /////","         /////    /////","/////    /////    /////    /////","/////    /////    /////    /////","/////    /////    /////    /////","/////    /////    /////    /////","","/*!"," * ScrollReveal"," * ------------"," * Website : https://scrollreveal.com"," * Support : https://github.com/jlmakes/scrollreveal/issues"," * Author  : https://twitter.com/jlmakes"," *"," * Licensed under the GNU General Public License 3.0 for"," * compatible open source projects and non-commercial use."," *"," * For commercial sites, themes, projects, and applications,"," * keep your source code proprietary and please purchase a"," * commercial license from https://scrollreveal.com"," *"," * Copyright (c) 2014–2017 Julian Lloyd. All rights reserved."," */","","return ScrollReveal;","","}());",""],"l":{"1":2,"4":2,"35":0,"40":0,"43":1,"44":0,"45":0,"47":0,"48":0,"49":0,"50":0,"51":0,"52":0,"54":0,"56":0,"60":0,"62":0,"67":1,"68":0,"73":1,"74":0,"75":0,"76":0,"77":0,"79":0,"80":0,"81":0,"84":0,"89":0,"90":0,"91":0,"94":0,"95":0,"96":0,"98":1,"99":0,"101":0,"102":0,"103":0,"105":0,"106":0,"108":0,"109":0,"111":0,"113":0,"116":0,"118":0,"122":1,"123":0,"125":0,"129":1,"130":0,"139":1,"140":0,"141":0,"143":0,"152":1,"153":0,"154":0,"158":1,"159":0,"160":0,"163":1,"164":0,"165":0,"166":0,"168":0,"175":0,"182":0,"190":1,"195":0,"196":0,"198":0,"199":0,"200":0,"202":0,"203":0,"204":0,"206":0,"207":0,"209":0,"212":0,"225":1,"226":0,"228":0,"229":0,"230":0,"231":0,"232":0,"234":0,"237":0,"241":1,"242":0,"244":0,"245":0,"246":0,"247":0,"248":0,"249":0,"250":0,"251":0,"253":0,"256":0,"260":1,"261":0,"272":1,"273":0,"274":0,"276":0,"277":0,"278":0,"279":0,"283":1,"284":0,"287":0,"292":0,"297":0,"305":0,"306":0,"307":0,"313":0,"314":0,"315":0,"319":0,"324":0,"325":0,"326":0,"328":0,"329":0,"330":0,"338":0,"339":0,"340":0,"344":0,"345":0,"346":0,"347":0,"353":0,"354":0,"355":0,"359":0,"362":1,"363":0,"366":0,"368":0,"369":0,"370":0,"371":0,"372":0,"373":0,"374":0,"378":0,"381":1,"382":0,"388":0,"389":0,"390":0,"396":0,"397":0,"398":0,"399":0,"401":0,"402":0,"409":0,"455":1,"456":0,"457":0,"459":0,"460":0,"462":0,"463":0,"464":0,"465":0,"466":0,"467":0,"468":0,"469":0,"470":0,"472":0,"484":1,"485":0,"486":0,"487":0,"489":0,"506":1,"507":0,"508":0,"509":0,"511":0,"512":0,"513":0,"514":0,"515":0,"516":0,"518":0,"522":0,"536":1,"537":0,"538":0,"539":0,"540":0,"541":0,"544":0,"554":1,"555":0,"556":0,"558":0,"559":0,"560":0,"562":0,"572":1,"573":0,"574":0,"576":0,"577":0,"578":0,"580":0,"590":1,"591":0,"592":0,"594":0,"595":0,"596":0,"598":0,"611":1,"612":0,"613":0,"614":0,"615":0,"625":1,"626":0,"627":0,"628":0,"638":1,"639":0,"640":0,"641":0,"644":1,"645":0,"646":0,"647":0,"652":0,"653":0,"654":0,"656":0,"657":0,"658":0,"659":0,"665":0,"666":0,"670":0,"678":0,"680":0,"681":0,"687":0,"688":0,"689":0,"694":0,"695":0,"696":0,"698":0,"700":0,"701":0,"703":0,"704":0,"706":0,"709":0,"711":0,"714":0,"719":0,"720":0,"721":0,"722":0,"724":0,"725":0,"727":0,"732":0,"737":0,"738":0,"740":0,"745":0,"754":0,"755":0,"757":0,"758":0,"759":0,"761":0,"762":0,"763":0,"765":0,"766":0,"772":0,"773":0,"783":0,"784":0,"790":0,"791":0,"792":0,"793":0,"799":0,"805":0,"814":1,"815":0,"818":0,"820":0,"821":0,"823":0,"824":0,"825":0,"827":0,"828":0,"831":0,"834":0,"835":0,"836":0,"837":0,"839":0,"840":0,"849":0,"851":0,"854":1,"855":0,"863":0,"864":0,"865":0,"867":0,"868":0,"871":0,"872":0,"873":0,"874":0,"876":0,"877":0,"878":0,"884":0,"885":0,"886":0,"892":0,"893":0,"894":0,"895":0,"896":0,"904":0,"905":0,"909":0,"910":0,"911":0,"912":0,"916":0,"917":0,"920":0,"921":0,"922":0,"923":0,"925":0,"926":0,"933":0,"936":0,"937":0,"938":0,"939":0,"942":0,"943":0,"944":0,"946":0,"947":0,"951":0,"954":0,"962":0,"963":0,"964":0,"968":0,"969":0,"972":0,"977":0,"978":0,"985":0,"986":0,"992":0,"993":0,"995":0,"1003":1,"1004":0,"1006":0,"1007":0,"1010":0,"1013":1,"1014":0,"1017":0,"1021":0,"1022":0,"1024":0,"1026":0,"1027":0,"1028":0,"1029":0,"1031":0,"1032":0,"1033":0,"1035":0,"1036":0,"1037":0,"1039":0,"1041":0,"1042":0,"1043":0,"1047":0,"1048":0,"1050":0,"1051":0,"1053":0,"1056":0,"1057":0,"1058":0,"1059":0,"1062":0,"1064":0,"1065":0,"1066":0,"1067":0,"1068":0,"1069":0,"1072":0,"1073":0,"1074":0,"1076":0,"1077":0,"1078":0,"1084":1,"1085":0,"1088":0,"1092":0,"1093":0,"1094":0,"1095":0,"1097":0,"1098":0,"1101":0,"1102":0,"1103":0,"1104":0,"1107":0,"1110":0,"1111":0,"1112":0,"1113":0,"1119":0,"1120":0,"1122":0,"1123":0,"1124":0,"1125":0,"1126":0,"1128":0,"1134":0,"1139":1,"1140":0,"1141":0,"1143":0,"1144":0,"1145":0,"1147":0,"1150":0,"1151":0,"1152":0,"1156":0,"1157":0,"1158":0,"1160":0,"1161":0,"1162":0,"1166":0,"1170":0,"1172":1,"1173":0,"1179":0,"1180":0,"1183":0,"1184":0,"1185":0,"1188":0,"1189":0,"1191":0,"1192":0,"1193":0,"1197":0,"1198":0,"1201":0,"1202":0,"1203":0,"1204":0,"1207":0,"1208":0,"1211":0,"1218":0,"1219":0,"1221":0,"1222":0,"1225":0,"1226":0,"1230":0,"1232":0,"1233":0,"1234":0,"1235":0,"1269":0}}}